TN:
SF:src/components/AccessibleDialog.js
FN:5,(anonymous_0)
FN:8,(anonymous_1)
FN:11,(anonymous_2)
FN:18,(anonymous_3)
FN:38,(anonymous_4)
FNF:5
FNH:0
FNDA:0,(anonymous_0)
FNDA:0,(anonymous_1)
FNDA:0,(anonymous_2)
FNDA:0,(anonymous_3)
FNDA:0,(anonymous_4)
DA:5,0
DA:6,0
DA:8,0
DA:9,0
DA:11,0
DA:12,0
DA:14,0
DA:18,0
DA:20,0
DA:21,0
DA:25,0
DA:26,0
DA:27,0
DA:29,0
DA:30,0
DA:32,0
DA:38,0
DA:42,0
DA:56,0
LF:19
LH:0
BRDA:9,0,0,0
BRDA:9,0,1,0
BRDA:9,1,0,0
BRDA:9,1,1,0
BRDA:12,2,0,0
BRDA:12,2,1,0
BRDA:20,3,0,0
BRDA:20,3,1,0
BRDA:26,4,0,0
BRDA:26,4,1,0
BRDA:27,5,0,0
BRDA:27,5,1,0
BRDA:27,6,0,0
BRDA:27,6,1,0
BRDA:58,7,0,0
BRDA:58,7,1,0
BRF:16
BRH:0
end_of_record
TN:
SF:src/components/ActionButton.js
FN:6,(anonymous_0)
FN:18,(anonymous_1)
FN:59,(anonymous_2)
FN:152,(anonymous_3)
FN:165,(anonymous_4)
FN:166,(anonymous_5)
FNF:6
FNH:0
FNDA:0,(anonymous_0)
FNDA:0,(anonymous_1)
FNDA:0,(anonymous_2)
FNDA:0,(anonymous_3)
FNDA:0,(anonymous_4)
FNDA:0,(anonymous_5)
DA:6,0
DA:18,0
DA:19,0
DA:21,0
DA:27,0
DA:33,0
DA:39,0
DA:45,0
DA:51,0
DA:59,0
DA:60,0
DA:62,0
DA:68,0
DA:74,0
DA:82,0
DA:83,0
DA:85,0
DA:86,0
DA:118,0
DA:152,0
DA:153,0
DA:165,0
DA:166,0
DA:167,0
DA:168,0
DA:169,0
DA:170,0
DA:171,0
DA:175,0
DA:198,0
LF:30
LH:0
BRDA:7,0,0,0
BRDA:12,1,0,0
BRDA:13,2,0,0
BRDA:14,3,0,0
BRDA:15,4,0,0
BRDA:19,5,0,0
BRDA:19,5,1,0
BRDA:19,5,2,0
BRDA:19,5,3,0
BRDA:19,5,4,0
BRDA:19,5,5,0
BRDA:24,6,0,0
BRDA:24,6,1,0
BRDA:30,7,0,0
BRDA:30,7,1,0
BRDA:36,8,0,0
BRDA:36,8,1,0
BRDA:42,9,0,0
BRDA:42,9,1,0
BRDA:48,10,0,0
BRDA:48,10,1,0
BRDA:54,11,0,0
BRDA:54,11,1,0
BRDA:60,12,0,0
BRDA:60,12,1,0
BRDA:60,12,2,0
BRDA:85,13,0,0
BRDA:85,13,1,0
BRDA:89,14,0,0
BRDA:89,14,1,0
BRDA:125,15,0,0
BRDA:125,15,1,0
BRDA:126,16,0,0
BRDA:126,16,1,0
BRDA:129,17,0,0
BRDA:129,17,1,0
BRDA:130,18,0,0
BRDA:130,18,1,0
BRDA:152,19,0,0
BRDA:156,20,0,0
BRDA:156,20,1,0
BRDA:165,21,0,0
BRDA:167,22,0,0
BRDA:167,22,1,0
BRDA:167,22,2,0
BRDA:167,22,3,0
BRF:46
BRH:0
end_of_record
TN:
SF:src/components/AnimatedButton.js
FN:7,(anonymous_0)
FN:20,(anonymous_1)
FN:38,(anonymous_2)
FNF:3
FNH:0
FNDA:0,(anonymous_0)
FNDA:0,(anonymous_1)
FNDA:0,(anonymous_2)
DA:7,0
DA:17,0
DA:18,0
DA:20,0
DA:21,0
DA:23,0
DA:38,0
DA:39,0
DA:41,0
DA:56,0
DA:58,0
LF:11
LH:0
BRDA:11,0,0,0
BRDA:12,1,0,0
BRDA:13,2,0,0
BRDA:14,3,0,0
BRDA:21,4,0,0
BRDA:21,4,1,0
BRDA:21,5,0,0
BRDA:21,5,1,0
BRDA:39,6,0,0
BRDA:39,6,1,0
BRDA:39,7,0,0
BRDA:39,7,1,0
BRDA:56,8,0,0
BRDA:56,8,1,0
BRDA:65,9,0,0
BRDA:65,9,1,0
BRDA:79,10,0,0
BRDA:79,10,1,0
BRDA:79,11,0,0
BRDA:79,11,1,0
BRF:20
BRH:0
end_of_record
TN:
SF:src/components/AnimatedCard.js
FN:7,(anonymous_0)
FN:17,(anonymous_1)
FN:26,(anonymous_2)
FNF:3
FNH:0
FNDA:0,(anonymous_0)
FNDA:0,(anonymous_1)
FNDA:0,(anonymous_2)
DA:7,0
DA:15,0
DA:17,0
DA:18,0
DA:26,0
DA:27,0
DA:29,0
DA:39,0
DA:49,0
DA:59,0
DA:63,0
DA:65,0
LF:12
LH:0
BRDA:10,0,0,0
BRDA:11,1,0,0
BRDA:12,2,0,0
BRDA:27,3,0,0
BRDA:27,3,1,0
BRDA:27,3,2,0
BRDA:27,3,3,0
BRDA:63,4,0,0
BRDA:63,4,1,0
BRF:9
BRH:0
end_of_record
TN:
SF:src/components/CheckInButton.js
FN:9,(anonymous_0)
FN:14,(anonymous_1)
FN:32,(anonymous_2)
FN:66,(anonymous_3)
FN:83,(anonymous_4)
FN:90,(anonymous_5)
FNF:6
FNH:0
FNDA:0,(anonymous_0)
FNDA:0,(anonymous_1)
FNDA:0,(anonymous_2)
FNDA:0,(anonymous_3)
FNDA:0,(anonymous_4)
FNDA:0,(anonymous_5)
DA:9,0
DA:10,0
DA:11,0
DA:12,0
DA:14,0
DA:15,0
DA:16,0
DA:17,0
DA:20,0
DA:21,0
DA:23,0
DA:25,0
DA:27,0
DA:28,0
DA:29,0
DA:32,0
DA:34,0
DA:37,0
DA:40,0
DA:56,0
DA:58,0
DA:60,0
DA:67,0
DA:68,0
DA:69,0
DA:77,0
DA:78,0
DA:80,0
DA:83,0
DA:86,0
DA:90,0
DA:91,0
DA:92,0
DA:93,0
DA:96,0
DA:151,0
LF:36
LH:0
BRDA:15,0,0,0
BRDA:15,0,1,0
BRDA:15,1,0,0
BRDA:15,1,1,0
BRDA:27,2,0,0
BRDA:27,2,1,0
BRDA:68,3,0,0
BRDA:68,3,1,0
BRDA:91,4,0,0
BRDA:91,4,1,0
BRDA:92,5,0,0
BRDA:92,5,1,0
BRDA:108,6,0,0
BRDA:108,6,1,0
BRDA:130,7,0,0
BRDA:130,7,1,0
BRDA:133,8,0,0
BRDA:133,8,1,0
BRF:18
BRH:0
end_of_record
TN:
SF:src/components/CountryStatePicker.js
FN:6,CountryStatePicker
FN:18,(anonymous_1)
FN:24,(anonymous_2)
FN:32,(anonymous_3)
FN:37,(anonymous_4)
FN:42,(anonymous_5)
FN:43,(anonymous_6)
FN:50,(anonymous_7)
FN:54,(anonymous_8)
FN:63,(anonymous_9)
FN:66,(anonymous_10)
FN:77,(anonymous_11)
FN:81,(anonymous_12)
FN:91,(anonymous_13)
FN:94,(anonymous_14)
FNF:15
FNH:0
FNDA:0,CountryStatePicker
FNDA:0,(anonymous_1)
FNDA:0,(anonymous_2)
FNDA:0,(anonymous_3)
FNDA:0,(anonymous_4)
FNDA:0,(anonymous_5)
FNDA:0,(anonymous_6)
FNDA:0,(anonymous_7)
FNDA:0,(anonymous_8)
FNDA:0,(anonymous_9)
FNDA:0,(anonymous_10)
FNDA:0,(anonymous_11)
FNDA:0,(anonymous_12)
FNDA:0,(anonymous_13)
FNDA:0,(anonymous_14)
DA:14,0
DA:15,0
DA:16,0
DA:18,0
DA:19,0
DA:20,0
DA:21,0
DA:24,0
DA:25,0
DA:28,0
DA:32,0
DA:33,0
DA:34,0
DA:37,0
DA:38,0
DA:39,0
DA:42,0
DA:43,0
DA:45,0
DA:50,0
DA:54,0
DA:64,0
DA:66,0
DA:77,0
DA:81,0
DA:92,0
DA:94,0
DA:105,0
LF:28
LH:0
BRDA:11,0,0,0
BRDA:12,1,0,0
BRDA:19,2,0,0
BRDA:19,2,1,0
BRDA:24,3,0,0
BRDA:24,3,1,0
BRDA:24,4,0,0
BRDA:24,4,1,0
BRDA:58,5,0,0
BRDA:58,5,1,0
BRDA:74,6,0,0
BRDA:74,6,1,0
BRDA:86,7,0,0
BRDA:86,7,1,0
BRF:14
BRH:0
end_of_record
TN:
SF:src/components/CustomMenu.js
FN:6,(anonymous_0)
FN:30,(anonymous_1)
FNF:2
FNH:0
FNDA:0,(anonymous_0)
FNDA:0,(anonymous_1)
DA:6,0
DA:7,0
DA:30,0
DA:31,0
DA:42,0
DA:44,0
LF:6
LH:0
BRF:0
BRH:0
end_of_record
TN:
SF:src/components/DebugUserFix.js
FN:6,(anonymous_0)
FN:10,(anonymous_1)
FN:33,(anonymous_2)
FNF:3
FNH:0
FNDA:0,(anonymous_0)
FNDA:0,(anonymous_1)
FNDA:0,(anonymous_2)
DA:6,0
DA:7,0
DA:8,0
DA:10,0
DA:11,0
DA:12,0
DA:13,0
DA:15,0
DA:17,0
DA:18,0
DA:19,0
DA:21,0
DA:22,0
DA:25,0
DA:26,0
DA:27,0
DA:29,0
DA:33,0
DA:34,0
DA:35,0
DA:36,0
DA:38,0
DA:39,0
DA:41,0
DA:42,0
DA:44,0
DA:48,0
DA:99,0
LF:28
LH:0
BRDA:17,0,0,0
BRDA:17,0,1,0
BRDA:78,1,0,0
BRDA:78,1,1,0
BRDA:85,2,0,0
BRDA:85,2,1,0
BRF:6
BRH:0
end_of_record
TN:
SF:src/components/ErrorBoundary.js
FN:7,(anonymous_0)
FN:12,(anonymous_1)
FN:16,(anonymous_2)
FN:20,(anonymous_3)
FN:24,(anonymous_4)
FNF:5
FNH:0
FNDA:0,(anonymous_0)
FNDA:0,(anonymous_1)
FNDA:0,(anonymous_2)
FNDA:0,(anonymous_3)
FNDA:0,(anonymous_4)
DA:8,0
DA:9,0
DA:13,0
DA:17,0
DA:20,0
DA:21,0
DA:25,0
DA:26,0
DA:49,0
DA:53,0
LF:10
LH:0
BRDA:25,0,0,0
BRDA:25,0,1,0
BRF:2
BRH:0
end_of_record
TN:
SF:src/components/FirebaseInitializer.js
FN:5,(anonymous_0)
FN:9,(anonymous_1)
FN:10,(anonymous_2)
FN:13,(anonymous_3)
FNF:4
FNH:0
FNDA:0,(anonymous_0)
FNDA:0,(anonymous_1)
FNDA:0,(anonymous_2)
FNDA:0,(anonymous_3)
DA:5,0
DA:6,0
DA:7,0
DA:9,0
DA:10,0
DA:11,0
DA:13,0
DA:16,0
DA:17,0
DA:18,0
DA:20,0
DA:23,0
DA:24,0
DA:28,0
DA:31,0
DA:32,0
DA:47,0
DA:48,0
DA:58,0
LF:19
LH:0
BRDA:16,0,0,0
BRDA:16,0,1,0
BRDA:16,1,0,0
BRDA:16,1,1,0
BRDA:31,2,0,0
BRDA:31,2,1,0
BRDA:47,3,0,0
BRDA:47,3,1,0
BRF:8
BRH:0
end_of_record
TN:
SF:src/components/ForgotPasswordButton.js
FN:7,(anonymous_0)
FN:10,(anonymous_1)
FN:17,(anonymous_2)
FNF:3
FNH:0
FNDA:0,(anonymous_0)
FNDA:0,(anonymous_1)
FNDA:0,(anonymous_2)
DA:7,0
DA:8,0
DA:10,0
DA:11,0
DA:17,0
DA:18,0
DA:24,0
LF:7
LH:0
BRDA:7,0,0,0
BRDA:49,1,0,0
BRDA:49,1,1,0
BRF:3
BRH:0
end_of_record
TN:
SF:src/components/FormInput.js
FN:6,(anonymous_0)
FN:19,(anonymous_1)
FN:35,(anonymous_2)
FN:39,(anonymous_3)
FNF:4
FNH:0
FNDA:0,(anonymous_0)
FNDA:0,(anonymous_1)
FNDA:0,(anonymous_2)
FNDA:0,(anonymous_3)
DA:6,0
DA:17,0
DA:19,0
DA:20,0
DA:23,0
DA:24,0
DA:28,0
DA:29,0
DA:32,0
DA:35,0
DA:36,0
DA:39,0
DA:40,0
DA:41,0
DA:44,0
DA:46,0
DA:79,0
LF:17
LH:0
BRDA:23,0,0,0
BRDA:23,0,1,0
BRDA:23,1,0,0
BRDA:23,1,1,0
BRDA:28,2,0,0
BRDA:28,2,1,0
BRDA:28,3,0,0
BRDA:28,3,1,0
BRDA:41,4,0,0
BRDA:41,4,1,0
BRDA:44,5,0,0
BRDA:44,5,1,0
BRDA:58,6,0,0
BRDA:58,6,1,0
BRDA:59,7,0,0
BRDA:59,7,1,0
BRDA:63,8,0,0
BRDA:63,8,1,0
BRDA:70,9,0,0
BRDA:70,9,1,0
BRF:20
BRH:0
end_of_record
TN:
SF:src/components/FormSelect.js
FN:7,(anonymous_0)
FN:21,(anonymous_1)
FN:22,(anonymous_2)
FN:24,(anonymous_3)
FN:29,(anonymous_4)
FN:31,(anonymous_5)
FN:59,(anonymous_6)
FN:71,(anonymous_7)
FN:74,(anonymous_8)
FNF:9
FNH:0
FNDA:0,(anonymous_0)
FNDA:0,(anonymous_1)
FNDA:0,(anonymous_2)
FNDA:0,(anonymous_3)
FNDA:0,(anonymous_4)
FNDA:0,(anonymous_5)
FNDA:0,(anonymous_6)
FNDA:0,(anonymous_7)
FNDA:0,(anonymous_8)
DA:7,0
DA:18,0
DA:19,0
DA:21,0
DA:22,0
DA:24,0
DA:25,0
DA:26,0
DA:29,0
DA:30,0
DA:31,0
DA:32,0
DA:35,0
DA:37,0
DA:60,0
DA:72,0
DA:74,0
DA:90,0
LF:18
LH:0
BRDA:11,0,0,0
BRDA:15,1,0,0
BRDA:30,2,0,0
BRDA:30,2,1,0
BRDA:30,3,0,0
BRDA:30,3,1,0
BRDA:32,4,0,0
BRDA:32,4,1,0
BRDA:35,5,0,0
BRDA:35,5,1,0
BRDA:39,6,0,0
BRDA:39,6,1,0
BRDA:51,7,0,0
BRDA:51,7,1,0
BRDA:52,8,0,0
BRDA:52,8,1,0
BRDA:57,9,0,0
BRDA:57,9,1,0
BRDA:61,10,0,0
BRDA:61,10,1,0
BRDA:63,11,0,0
BRDA:63,11,1,0
BRDA:76,12,0,0
BRDA:76,12,1,0
BRDA:81,13,0,0
BRDA:81,13,1,0
BRF:26
BRH:0
end_of_record
TN:
SF:src/components/LazyScreen.js
FN:6,(anonymous_0)
FN:14,(anonymous_1)
FN:15,(anonymous_2)
FNF:3
FNH:0
FNDA:0,(anonymous_0)
FNDA:0,(anonymous_1)
FNDA:0,(anonymous_2)
DA:6,0
DA:7,0
DA:14,0
DA:15,0
DA:16,0
DA:22,0
LF:6
LH:0
BRDA:6,0,0,0
BRF:1
BRH:0
end_of_record
TN:
SF:src/components/LoadingButton.js
FN:4,(anonymous_0)
FNF:1
FNH:0
FNDA:0,(anonymous_0)
DA:4,0
DA:13,0
LF:2
LH:0
BRDA:9,0,0,0
BRDA:17,1,0,0
BRDA:17,1,1,0
BRDA:21,2,0,0
BRDA:21,2,1,0
BRF:5
BRH:0
end_of_record
TN:
SF:src/components/LoginDebugger.js
FN:6,(anonymous_0)
FN:14,(anonymous_1)
FN:20,(anonymous_2)
FN:21,(anonymous_3)
FN:22,(anonymous_4)
FN:25,(anonymous_5)
FN:28,(anonymous_6)
FN:32,(anonymous_7)
FN:33,(anonymous_8)
FN:37,(anonymous_9)
FN:38,(anonymous_10)
FN:39,(anonymous_11)
FN:40,(anonymous_12)
FN:42,(anonymous_13)
FN:44,(anonymous_14)
FN:46,(anonymous_15)
FN:55,(anonymous_16)
FNF:17
FNH:0
FNDA:0,(anonymous_0)
FNDA:0,(anonymous_1)
FNDA:0,(anonymous_2)
FNDA:0,(anonymous_3)
FNDA:0,(anonymous_4)
FNDA:0,(anonymous_5)
FNDA:0,(anonymous_6)
FNDA:0,(anonymous_7)
FNDA:0,(anonymous_8)
FNDA:0,(anonymous_9)
FNDA:0,(anonymous_10)
FNDA:0,(anonymous_11)
FNDA:0,(anonymous_12)
FNDA:0,(anonymous_13)
FNDA:0,(anonymous_14)
FNDA:0,(anonymous_15)
FNDA:0,(anonymous_16)
DA:6,0
DA:7,0
DA:8,0
DA:9,0
DA:10,0
DA:12,0
DA:14,0
DA:15,0
DA:16,0
DA:18,0
DA:20,0
DA:21,0
DA:22,0
DA:25,0
DA:26,0
DA:28,0
DA:29,0
DA:32,0
DA:33,0
DA:36,0
DA:37,0
DA:38,0
DA:39,0
DA:40,0
DA:41,0
DA:42,0
DA:43,0
DA:44,0
DA:45,0
DA:46,0
DA:49,0
DA:51,0
DA:55,0
DA:56,0
DA:59,0
LF:35
LH:0
BRDA:21,0,0,0
BRDA:21,0,1,0
BRDA:22,1,0,0
BRDA:22,1,1,0
BRDA:36,2,0,0
BRDA:36,2,1,0
BRDA:41,3,0,0
BRDA:41,3,1,0
BRDA:43,4,0,0
BRDA:43,4,1,0
BRDA:45,5,0,0
BRDA:45,5,1,0
BRDA:98,6,0,0
BRDA:98,6,1,0
BRF:14
BRH:0
end_of_record
TN:
SF:src/components/ModalityPicker.js
FN:7,ModalityPicker
FN:16,(anonymous_1)
FN:22,(anonymous_2)
FN:42,(anonymous_3)
FN:43,(anonymous_4)
FN:81,(anonymous_5)
FN:87,(anonymous_6)
FN:96,(anonymous_7)
FN:97,(anonymous_8)
FN:129,(anonymous_9)
FN:134,(anonymous_10)
FN:157,(anonymous_11)
FN:162,(anonymous_12)
FNF:13
FNH:0
FNDA:0,ModalityPicker
FNDA:0,(anonymous_1)
FNDA:0,(anonymous_2)
FNDA:0,(anonymous_3)
FNDA:0,(anonymous_4)
FNDA:0,(anonymous_5)
FNDA:0,(anonymous_6)
FNDA:0,(anonymous_7)
FNDA:0,(anonymous_8)
FNDA:0,(anonymous_9)
FNDA:0,(anonymous_10)
FNDA:0,(anonymous_11)
FNDA:0,(anonymous_12)
DA:12,0
DA:13,0
DA:14,0
DA:16,0
DA:17,0
DA:18,0
DA:22,0
DA:23,0
DA:24,0
DA:26,0
DA:27,0
DA:30,0
DA:31,0
DA:32,0
DA:35,0
DA:38,0
DA:39,0
DA:42,0
DA:43,0
DA:47,0
DA:48,0
DA:59,0
DA:62,0
DA:64,0
DA:75,0
DA:76,0
DA:77,0
DA:81,0
DA:82,0
DA:85,0
DA:87,0
DA:90,0
DA:93,0
DA:96,0
DA:97,0
DA:98,0
DA:101,0
DA:102,0
DA:110,0
DA:130,0
DA:134,0
DA:158,0
DA:162,0
DA:184,0
LF:44
LH:0
BRDA:8,0,0,0
BRDA:10,1,0,0
BRDA:17,2,0,0
BRDA:17,2,1,0
BRDA:30,3,0,0
BRDA:30,3,1,0
BRDA:43,4,0,0
BRDA:43,4,1,0
BRDA:47,5,0,0
BRDA:47,5,1,0
BRDA:85,6,0,0
BRDA:85,6,1,0
BRDA:98,7,0,0
BRDA:98,7,1,0
BRDA:101,8,0,0
BRDA:101,8,1,0
BRDA:132,9,0,0
BRDA:132,9,1,0
BRDA:137,10,0,0
BRDA:137,10,1,0
BRDA:138,11,0,0
BRDA:138,11,1,0
BRDA:142,12,0,0
BRDA:142,12,1,0
BRDA:151,13,0,0
BRDA:151,13,1,0
BRDA:173,14,0,0
BRDA:173,14,1,0
BRF:28
BRH:0
end_of_record
TN:
SF:src/components/NotificationBell.js
FN:18,(anonymous_0)
FN:30,(anonymous_1)
FN:38,(anonymous_2)
FN:53,(anonymous_3)
FN:68,(anonymous_4)
FN:91,(anonymous_5)
FN:102,(anonymous_6)
FN:109,(anonymous_7)
FN:110,(anonymous_8)
FN:113,(anonymous_9)
FN:150,(anonymous_10)
FN:153,(anonymous_11)
FN:188,(anonymous_12)
FN:197,(anonymous_13)
FNF:14
FNH:0
FNDA:0,(anonymous_0)
FNDA:0,(anonymous_1)
FNDA:0,(anonymous_2)
FNDA:0,(anonymous_3)
FNDA:0,(anonymous_4)
FNDA:0,(anonymous_5)
FNDA:0,(anonymous_6)
FNDA:0,(anonymous_7)
FNDA:0,(anonymous_8)
FNDA:0,(anonymous_9)
FNDA:0,(anonymous_10)
FNDA:0,(anonymous_11)
FNDA:0,(anonymous_12)
FNDA:0,(anonymous_13)
DA:18,0
DA:26,0
DA:28,0
DA:30,0
DA:31,0
DA:33,0
DA:38,0
DA:39,0
DA:41,0
DA:43,0
DA:45,0
DA:47,0
DA:49,0
DA:53,0
DA:54,0
DA:56,0
DA:58,0
DA:60,0
DA:62,0
DA:64,0
DA:68,0
DA:69,0
DA:70,0
DA:71,0
DA:72,0
DA:74,0
DA:75,0
DA:76,0
DA:77,0
DA:79,0
DA:80,0
DA:84,0
DA:91,0
DA:102,0
DA:109,0
DA:111,0
DA:113,0
DA:151,0
DA:153,0
DA:189,0
DA:190,0
DA:197,0
DA:210,0
LF:43
LH:0
BRDA:18,0,0,0
BRDA:18,1,0,0
BRDA:33,2,0,0
BRDA:33,2,1,0
BRDA:39,3,0,0
BRDA:39,3,1,0
BRDA:39,3,2,0
BRDA:39,3,3,0
BRDA:39,3,4,0
BRDA:54,4,0,0
BRDA:54,4,1,0
BRDA:54,4,2,0
BRDA:54,4,3,0
BRDA:54,4,4,0
BRDA:69,5,0,0
BRDA:69,5,1,0
BRDA:70,6,0,0
BRDA:70,6,1,0
BRDA:74,7,0,0
BRDA:74,7,1,0
BRDA:76,8,0,0
BRDA:76,8,1,0
BRDA:93,9,0,0
BRDA:93,9,1,0
BRDA:95,10,0,0
BRDA:95,10,1,0
BRDA:108,11,0,0
BRDA:108,11,1,0
BRDA:120,12,0,0
BRDA:120,12,1,0
BRDA:142,13,0,0
BRDA:142,13,1,0
BRDA:183,14,0,0
BRDA:183,14,1,0
BRF:34
BRH:0
end_of_record
TN:
SF:src/components/NotificationManager.js
FN:7,(anonymous_0)
FN:15,(anonymous_1)
FN:18,(anonymous_2)
FN:28,(anonymous_3)
FN:31,(anonymous_4)
FN:38,(anonymous_5)
FN:39,(anonymous_6)
FN:40,(anonymous_7)
FN:48,(anonymous_8)
FN:49,(anonymous_9)
FN:49,(anonymous_10)
FN:53,(anonymous_11)
FN:57,(anonymous_12)
FN:61,(anonymous_13)
FN:65,(anonymous_14)
FN:69,(anonymous_15)
FN:92,(anonymous_16)
FN:96,(anonymous_17)
FN:104,(anonymous_18)
FNF:19
FNH:0
FNDA:0,(anonymous_0)
FNDA:0,(anonymous_1)
FNDA:0,(anonymous_2)
FNDA:0,(anonymous_3)
FNDA:0,(anonymous_4)
FNDA:0,(anonymous_5)
FNDA:0,(anonymous_6)
FNDA:0,(anonymous_7)
FNDA:0,(anonymous_8)
FNDA:0,(anonymous_9)
FNDA:0,(anonymous_10)
FNDA:0,(anonymous_11)
FNDA:0,(anonymous_12)
FNDA:0,(anonymous_13)
FNDA:0,(anonymous_14)
FNDA:0,(anonymous_15)
FNDA:0,(anonymous_16)
FNDA:0,(anonymous_17)
FNDA:0,(anonymous_18)
DA:5,0
DA:7,0
DA:8,0
DA:9,0
DA:10,0
DA:12,0
DA:15,0
DA:16,0
DA:18,0
DA:19,0
DA:20,0
DA:28,0
DA:31,0
DA:32,0
DA:35,0
DA:38,0
DA:39,0
DA:40,0
DA:41,0
DA:48,0
DA:49,0
DA:53,0
DA:54,0
DA:57,0
DA:58,0
DA:61,0
DA:62,0
DA:65,0
DA:66,0
DA:69,0
DA:70,0
DA:71,0
DA:72,0
DA:73,0
DA:75,0
DA:79,0
DA:88,0
DA:93,0
DA:96,0
DA:104,0
DA:116,0
LF:41
LH:0
BRDA:9,0,0,0
BRDA:9,0,1,0
BRDA:18,1,0,0
BRDA:18,2,0,0
BRDA:41,3,0,0
BRDA:41,3,1,0
BRDA:70,4,0,0
BRDA:70,4,1,0
BRDA:70,4,2,0
BRDA:70,4,3,0
BRDA:70,4,4,0
BRF:11
BRH:0
end_of_record
TN:
SF:src/components/OptimizedImage.js
FN:6,(anonymous_0)
FNF:1
FNH:0
FNDA:0,(anonymous_0)
DA:6,0
DA:7,0
LF:2
LH:0
BRDA:6,0,0,0
BRF:1
BRH:0
end_of_record
TN:
SF:src/components/PaymentDueDateEditor.js
FN:17,(anonymous_0)
FN:23,(anonymous_1)
FN:37,(anonymous_2)
FN:55,(anonymous_3)
FN:97,(anonymous_4)
FN:107,(anonymous_5)
FN:132,(anonymous_6)
FN:166,(anonymous_7)
FNF:8
FNH:0
FNDA:0,(anonymous_0)
FNDA:0,(anonymous_1)
FNDA:0,(anonymous_2)
FNDA:0,(anonymous_3)
FNDA:0,(anonymous_4)
FNDA:0,(anonymous_5)
FNDA:0,(anonymous_6)
FNDA:0,(anonymous_7)
DA:17,0
DA:18,0
DA:19,0
DA:20,0
DA:21,0
DA:23,0
DA:25,0
DA:28,0
DA:29,0
DA:30,0
DA:31,0
DA:33,0
DA:37,0
DA:38,0
DA:39,0
DA:41,0
DA:43,0
DA:44,0
DA:45,0
DA:47,0
DA:48,0
DA:49,0
DA:51,0
DA:52,0
DA:55,0
DA:56,0
DA:57,0
DA:58,0
DA:61,0
DA:62,0
DA:63,0
DA:66,0
DA:67,0
DA:70,0
DA:71,0
DA:74,0
DA:82,0
DA:84,0
DA:85,0
DA:86,0
DA:87,0
DA:90,0
DA:91,0
DA:93,0
DA:97,0
DA:98,0
DA:100,0
DA:107,0
DA:108,0
DA:126,0
DA:128,0
DA:132,0
DA:133,0
DA:134,0
DA:135,0
DA:138,0
DA:166,0
DA:203,0
LF:58
LH:0
BRDA:28,0,0,0
BRDA:28,0,1,0
BRDA:30,1,0,0
BRDA:30,1,1,0
BRDA:41,2,0,0
BRDA:41,2,1,0
BRDA:47,3,0,0
BRDA:47,3,1,0
BRDA:47,4,0,0
BRDA:47,4,1,0
BRDA:48,5,0,0
BRDA:48,5,1,0
BRDA:48,6,0,0
BRDA:48,6,1,0
BRDA:49,7,0,0
BRDA:49,7,1,0
BRDA:52,8,0,0
BRDA:52,8,1,0
BRDA:52,8,2,0
BRDA:56,9,0,0
BRDA:56,9,1,0
BRDA:61,10,0,0
BRDA:61,10,1,0
BRDA:119,11,0,0
BRDA:119,11,1,0
BRDA:133,12,0,0
BRDA:133,12,1,0
BRDA:134,13,0,0
BRDA:134,13,1,0
BRDA:159,14,0,0
BRDA:159,14,1,0
BRF:31
BRH:0
end_of_record
TN:
SF:src/components/PhonePicker.js
FN:7,PhonePicker
FN:17,(anonymous_1)
FN:19,(anonymous_2)
FN:24,(anonymous_3)
FN:36,(anonymous_4)
FN:40,(anonymous_5)
FN:50,(anonymous_6)
FN:53,(anonymous_7)
FNF:8
FNH:0
FNDA:0,PhonePicker
FNDA:0,(anonymous_1)
FNDA:0,(anonymous_2)
FNDA:0,(anonymous_3)
FNDA:0,(anonymous_4)
FNDA:0,(anonymous_5)
FNDA:0,(anonymous_6)
FNDA:0,(anonymous_7)
DA:14,0
DA:15,0
DA:17,0
DA:19,0
DA:20,0
DA:21,0
DA:24,0
DA:26,0
DA:27,0
DA:30,0
DA:36,0
DA:40,0
DA:51,0
DA:53,0
DA:76,0
LF:15
LH:0
BRDA:17,0,0,0
BRDA:17,0,1,0
BRF:2
BRH:0
end_of_record
TN:
SF:src/components/ProtectedRoute.js
FN:13,ProtectedRoute
FN:127,withProtectedRoute
FN:128,ProtectedComponent
FN:142,usePermissions
FN:145,(anonymous_4)
FN:149,(anonymous_5)
FN:150,(anonymous_6)
FN:153,(anonymous_7)
FN:154,(anonymous_8)
FN:155,(anonymous_9)
FN:157,(anonymous_10)
FN:158,(anonymous_11)
FN:159,(anonymous_12)
FN:160,(anonymous_13)
FN:161,(anonymous_14)
FN:163,(anonymous_15)
FNF:16
FNH:0
FNDA:0,ProtectedRoute
FNDA:0,withProtectedRoute
FNDA:0,ProtectedComponent
FNDA:0,usePermissions
FNDA:0,(anonymous_4)
FNDA:0,(anonymous_5)
FNDA:0,(anonymous_6)
FNDA:0,(anonymous_7)
FNDA:0,(anonymous_8)
FNDA:0,(anonymous_9)
FNDA:0,(anonymous_10)
FNDA:0,(anonymous_11)
FNDA:0,(anonymous_12)
FNDA:0,(anonymous_13)
FNDA:0,(anonymous_14)
FNDA:0,(anonymous_15)
DA:20,0
DA:23,0
DA:24,0
DA:33,0
DA:34,0
DA:51,0
DA:52,0
DA:69,0
DA:70,0
DA:93,0
DA:94,0
DA:111,0
DA:112,0
DA:121,0
DA:128,0
DA:129,0
DA:143,0
DA:145,0
DA:146,0
DA:149,0
DA:150,0
DA:153,0
DA:154,0
DA:155,0
DA:157,0
DA:158,0
DA:159,0
DA:160,0
DA:161,0
DA:163,0
DA:164,0
DA:167,0
DA:184,0
LF:33
LH:0
BRDA:15,0,0,0
BRDA:16,1,0,0
BRDA:17,2,0,0
BRDA:23,3,0,0
BRDA:23,3,1,0
BRDA:33,4,0,0
BRDA:33,4,1,0
BRDA:51,5,0,0
BRDA:51,5,1,0
BRDA:69,6,0,0
BRDA:69,6,1,0
BRDA:69,7,0,0
BRDA:69,7,1,0
BRDA:93,8,0,0
BRDA:93,8,1,0
BRDA:93,9,0,0
BRDA:93,9,1,0
BRDA:111,10,0,0
BRDA:111,10,1,0
BRDA:111,11,0,0
BRDA:111,11,1,0
BRDA:111,11,2,0
BRDA:127,12,0,0
BRDA:164,13,0,0
BRDA:164,13,1,0
BRF:25
BRH:0
end_of_record
TN:
SF:src/components/QRCodeGenerator.js
FN:7,QRCodeGenerator
FN:28,(anonymous_1)
FN:37,(anonymous_2)
FN:73,(anonymous_3)
FN:75,(anonymous_4)
FN:82,(anonymous_5)
FN:101,(anonymous_6)
FN:117,(anonymous_7)
FN:238,(anonymous_8)
FN:248,(anonymous_9)
FN:266,(anonymous_10)
FNF:11
FNH:0
FNDA:0,QRCodeGenerator
FNDA:0,(anonymous_1)
FNDA:0,(anonymous_2)
FNDA:0,(anonymous_3)
FNDA:0,(anonymous_4)
FNDA:0,(anonymous_5)
FNDA:0,(anonymous_6)
FNDA:0,(anonymous_7)
FNDA:0,(anonymous_8)
FNDA:0,(anonymous_9)
FNDA:0,(anonymous_10)
DA:9,0
DA:10,0
DA:11,0
DA:13,0
DA:16,0
DA:17,0
DA:18,0
DA:19,0
DA:20,0
DA:21,0
DA:24,0
DA:25,0
DA:26,0
DA:28,0
DA:29,0
DA:31,0
DA:32,0
DA:37,0
DA:38,0
DA:40,0
DA:41,0
DA:42,0
DA:43,0
DA:53,0
DA:56,0
DA:57,0
DA:58,0
DA:72,0
DA:73,0
DA:74,0
DA:75,0
DA:78,0
DA:82,0
DA:83,0
DA:84,0
DA:85,0
DA:87,0
DA:92,0
DA:94,0
DA:95,0
DA:97,0
DA:101,0
DA:102,0
DA:103,0
DA:104,0
DA:106,0
DA:107,0
DA:109,0
DA:111,0
DA:113,0
DA:117,0
DA:118,0
DA:119,0
DA:120,0
DA:124,0
DA:125,0
DA:126,0
DA:127,0
DA:130,0
DA:131,0
DA:132,0
DA:133,0
DA:134,0
DA:147,0
DA:148,0
DA:149,0
DA:150,0
DA:153,0
DA:154,0
DA:155,0
DA:156,0
DA:159,0
DA:160,0
DA:162,0
DA:163,0
DA:165,0
DA:169,0
DA:170,0
DA:179,0
DA:238,0
DA:248,0
DA:266,0
DA:285,0
LF:83
LH:0
BRDA:7,0,0,0
BRDA:7,1,0,0
BRDA:25,2,0,0
BRDA:25,2,1,0
BRDA:26,3,0,0
BRDA:26,3,1,0
BRDA:29,4,0,0
BRDA:29,4,1,0
BRDA:37,5,0,0
BRDA:38,6,0,0
BRDA:38,6,1,0
BRDA:40,7,0,0
BRDA:40,7,1,0
BRDA:62,8,0,0
BRDA:62,8,1,0
BRDA:76,9,0,0
BRDA:76,9,1,0
BRDA:78,10,0,0
BRDA:78,10,1,0
BRDA:106,11,0,0
BRDA:106,11,1,0
BRDA:106,12,0,0
BRDA:106,12,1,0
BRDA:118,13,0,0
BRDA:118,13,1,0
BRDA:125,14,0,0
BRDA:125,14,1,0
BRDA:147,15,0,0
BRDA:147,15,1,0
BRDA:169,16,0,0
BRDA:169,16,1,0
BRDA:169,17,0,0
BRDA:169,17,1,0
BRDA:212,18,0,0
BRDA:212,18,1,0
BRDA:217,19,0,0
BRDA:217,19,1,0
BRDA:222,20,0,0
BRDA:222,20,1,0
BRDA:228,21,0,0
BRDA:228,21,1,0
BRDA:233,22,0,0
BRDA:233,22,1,0
BRDA:275,23,0,0
BRDA:275,23,1,0
BRF:45
BRH:0
end_of_record
TN:
SF:src/components/QRCodeScanner.js
FN:6,QRCodeScanner
FN:10,(anonymous_1)
FNF:2
FNH:0
FNDA:0,QRCodeScanner
FNDA:0,(anonymous_1)
DA:7,0
DA:8,0
DA:10,0
DA:11,0
DA:12,0
DA:13,0
DA:16,0
DA:18,0
DA:22,0
DA:24,0
DA:25,0
DA:29,0
DA:71,0
LF:13
LH:0
BRDA:11,0,0,0
BRDA:11,0,1,0
BRDA:18,1,0,0
BRDA:18,1,1,0
BRF:4
BRH:0
end_of_record
TN:
SF:src/components/ResponsiveContainer.js
FN:6,(anonymous_0)
FN:16,(anonymous_1)
FN:30,(anonymous_2)
FNF:3
FNH:0
FNDA:0,(anonymous_0)
FNDA:0,(anonymous_1)
FNDA:0,(anonymous_2)
DA:6,0
DA:14,0
DA:16,0
DA:17,0
DA:22,0
DA:23,0
DA:24,0
DA:27,0
DA:30,0
DA:31,0
DA:37,0
DA:40,0
DA:41,0
DA:54,0
LF:14
LH:0
BRDA:8,0,0,0
BRDA:9,1,0,0
BRDA:10,2,0,0
BRDA:11,3,0,0
BRDA:22,4,0,0
BRDA:22,4,1,0
BRDA:23,5,0,0
BRDA:23,5,1,0
BRDA:23,6,0,0
BRDA:23,6,1,0
BRDA:24,7,0,0
BRDA:24,7,1,0
BRDA:32,8,0,0
BRDA:32,8,1,0
BRDA:32,9,0,0
BRDA:32,9,1,0
BRDA:40,10,0,0
BRDA:40,10,1,0
BRF:18
BRH:0
end_of_record
TN:
SF:src/components/SafeCardContent.js
FN:4,(anonymous_0)
FN:6,(anonymous_1)
FN:12,(anonymous_2)
FN:26,(anonymous_3)
FNF:4
FNH:0
FNDA:0,(anonymous_0)
FNDA:0,(anonymous_1)
FNDA:0,(anonymous_2)
FNDA:0,(anonymous_3)
DA:4,0
DA:6,0
DA:7,0
DA:8,0
DA:12,0
DA:14,0
DA:16,0
DA:17,0
DA:18,0
DA:20,0
DA:21,0
DA:25,0
DA:26,0
DA:30,0
DA:31,0
DA:32,0
DA:33,0
DA:37,0
DA:41,0
DA:43,0
LF:20
LH:0
BRDA:4,0,0,0
BRDA:7,1,0,0
BRDA:7,1,1,0
BRDA:8,2,0,0
BRDA:8,2,1,0
BRDA:8,2,2,0
BRDA:8,2,3,0
BRDA:12,3,0,0
BRDA:14,4,0,0
BRDA:14,4,1,0
BRDA:14,5,0,0
BRDA:14,5,1,0
BRDA:17,6,0,0
BRDA:17,6,1,0
BRDA:25,7,0,0
BRDA:25,7,1,0
BRDA:30,8,0,0
BRDA:30,8,1,0
BRDA:33,9,0,0
BRDA:33,9,1,0
BRF:20
BRH:0
end_of_record
TN:
SF:src/components/StudentDisassociationDialog.js
FN:17,(anonymous_0)
FN:25,(anonymous_1)
FN:29,(anonymous_2)
FN:50,(anonymous_3)
FN:72,(anonymous_4)
FN:115,(anonymous_5)
FN:125,(anonymous_6)
FN:126,(anonymous_7)
FNF:8
FNH:0
FNDA:0,(anonymous_0)
FNDA:0,(anonymous_1)
FNDA:0,(anonymous_2)
FNDA:0,(anonymous_3)
FNDA:0,(anonymous_4)
FNDA:0,(anonymous_5)
FNDA:0,(anonymous_6)
FNDA:0,(anonymous_7)
DA:17,0
DA:18,0
DA:19,0
DA:20,0
DA:21,0
DA:22,0
DA:25,0
DA:26,0
DA:29,0
DA:30,0
DA:31,0
DA:32,0
DA:35,0
DA:36,0
DA:37,0
DA:40,0
DA:50,0
DA:51,0
DA:52,0
DA:55,0
DA:64,0
DA:72,0
DA:73,0
DA:81,0
DA:84,0
DA:100,0
DA:102,0
DA:103,0
DA:104,0
DA:105,0
DA:108,0
DA:109,0
DA:111,0
DA:115,0
DA:116,0
DA:118,0
DA:124,0
DA:125,0
DA:127,0
DA:145,0
DA:147,0
DA:151,0
DA:152,0
DA:155,0
DA:220,0
LF:45
LH:0
BRDA:26,0,0,0
BRDA:26,0,1,0
BRDA:30,1,0,0
BRDA:30,1,1,0
BRDA:35,2,0,0
BRDA:35,2,1,0
BRDA:151,3,0,0
BRDA:151,3,1,0
BRDA:210,4,0,0
BRDA:210,4,1,0
BRF:10
BRH:0
end_of_record
TN:
SF:src/components/UniversalHeader.js
FN:11,(anonymous_0)
FN:25,(anonymous_1)
FN:31,(anonymous_2)
FN:35,(anonymous_3)
FN:40,(anonymous_4)
FN:63,(anonymous_5)
FN:68,(anonymous_6)
FN:85,(anonymous_7)
FN:98,(anonymous_8)
FN:103,(anonymous_9)
FN:108,(anonymous_10)
FN:148,(anonymous_11)
FN:170,(anonymous_12)
FN:230,(anonymous_13)
FN:237,(anonymous_14)
FN:242,(anonymous_15)
FN:251,(anonymous_16)
FN:256,(anonymous_17)
FNF:18
FNH:0
FNDA:0,(anonymous_0)
FNDA:0,(anonymous_1)
FNDA:0,(anonymous_2)
FNDA:0,(anonymous_3)
FNDA:0,(anonymous_4)
FNDA:0,(anonymous_5)
FNDA:0,(anonymous_6)
FNDA:0,(anonymous_7)
FNDA:0,(anonymous_8)
FNDA:0,(anonymous_9)
FNDA:0,(anonymous_10)
FNDA:0,(anonymous_11)
FNDA:0,(anonymous_12)
FNDA:0,(anonymous_13)
FNDA:0,(anonymous_14)
FNDA:0,(anonymous_15)
FNDA:0,(anonymous_16)
FNDA:0,(anonymous_17)
DA:11,0
DA:19,0
DA:20,0
DA:21,0
DA:22,0
DA:25,0
DA:26,0
DA:27,0
DA:31,0
DA:32,0
DA:33,0
DA:35,0
DA:36,0
DA:37,0
DA:40,0
DA:41,0
DA:42,0
DA:43,0
DA:44,0
DA:46,0
DA:47,0
DA:48,0
DA:49,0
DA:53,0
DA:54,0
DA:56,0
DA:63,0
DA:69,0
DA:70,0
DA:71,0
DA:72,0
DA:73,0
DA:75,0
DA:76,0
DA:85,0
DA:86,0
DA:87,0
DA:88,0
DA:89,0
DA:90,0
DA:91,0
DA:93,0
DA:94,0
DA:98,0
DA:99,0
DA:100,0
DA:103,0
DA:104,0
DA:105,0
DA:108,0
DA:110,0
DA:111,0
DA:115,0
DA:117,0
DA:119,0
DA:121,0
DA:123,0
DA:148,0
DA:149,0
DA:152,0
DA:154,0
DA:156,0
DA:158,0
DA:162,0
DA:164,0
DA:170,0
DA:231,0
DA:238,0
DA:243,0
DA:252,0
DA:253,0
DA:257,0
DA:300,0
LF:73
LH:0
BRDA:15,0,0,0
BRDA:16,1,0,0
BRDA:17,2,0,0
BRDA:26,3,0,0
BRDA:26,3,1,0
BRDA:46,4,0,0
BRDA:46,4,1,0
BRDA:53,5,0,0
BRDA:53,5,1,0
BRDA:110,6,0,0
BRDA:110,6,1,0
BRDA:115,7,0,0
BRDA:115,7,1,0
BRDA:115,7,2,0
BRDA:115,7,3,0
BRDA:149,8,0,0
BRDA:149,8,1,0
BRDA:149,8,2,0
BRDA:149,8,3,0
BRDA:149,8,4,0
BRDA:168,9,0,0
BRDA:168,9,1,0
BRDA:176,10,0,0
BRDA:176,10,1,0
BRDA:184,11,0,0
BRDA:184,11,1,0
BRDA:195,12,0,0
BRDA:195,12,1,0
BRDA:196,13,0,0
BRDA:196,13,1,0
BRDA:207,14,0,0
BRDA:207,14,1,0
BRDA:213,15,0,0
BRDA:213,15,1,0
BRDA:317,16,0,0
BRDA:317,16,1,0
BRDA:318,17,0,0
BRDA:318,17,1,0
BRDA:322,18,0,0
BRDA:322,18,1,0
BRDA:327,19,0,0
BRDA:327,19,1,0
BRDA:330,20,0,0
BRDA:330,20,1,0
BRDA:331,21,0,0
BRDA:331,21,1,0
BRDA:339,22,0,0
BRDA:339,22,1,0
BRDA:344,23,0,0
BRDA:344,23,1,0
BRDA:351,24,0,0
BRDA:351,24,1,0
BRDA:355,25,0,0
BRDA:355,25,1,0
BRDA:359,26,0,0
BRDA:359,26,1,0
BRDA:366,27,0,0
BRDA:366,27,1,0
BRDA:372,28,0,0
BRDA:372,28,1,0
BRDA:380,29,0,0
BRDA:380,29,1,0
BRDA:431,30,0,0
BRDA:431,30,1,0
BRF:64
BRH:0
end_of_record
TN:
SF:src/components/WebCompatibility.js
FN:5,(anonymous_0)
FN:6,(anonymous_1)
FNF:2
FNH:0
FNDA:0,(anonymous_0)
FNDA:0,(anonymous_1)
DA:5,0
DA:6,0
DA:7,0
DA:9,0
DA:12,0
DA:13,0
DA:14,0
DA:20,0
DA:21,0
DA:63,0
DA:67,0
LF:11
LH:0
BRDA:7,0,0,0
BRDA:7,0,1,0
BRDA:13,1,0,0
BRDA:13,1,1,0
BRF:4
BRH:0
end_of_record
TN:
SF:src/contexts/AuthContext.js
FN:19,(anonymous_0)
FN:27,(anonymous_1)
FN:34,(anonymous_2)
FN:53,(anonymous_3)
FN:104,(anonymous_4)
FN:124,(anonymous_5)
FN:125,(anonymous_6)
FN:157,(anonymous_7)
FN:177,(anonymous_8)
FN:223,(anonymous_9)
FN:258,(anonymous_10)
FN:292,(anonymous_11)
FN:329,(anonymous_12)
FN:367,(anonymous_13)
FN:392,(anonymous_14)
FN:418,(anonymous_15)
FN:466,(anonymous_16)
FNF:17
FNH:0
FNDA:0,(anonymous_0)
FNDA:0,(anonymous_1)
FNDA:0,(anonymous_2)
FNDA:0,(anonymous_3)
FNDA:0,(anonymous_4)
FNDA:0,(anonymous_5)
FNDA:0,(anonymous_6)
FNDA:0,(anonymous_7)
FNDA:0,(anonymous_8)
FNDA:0,(anonymous_9)
FNDA:0,(anonymous_10)
FNDA:0,(anonymous_11)
FNDA:0,(anonymous_12)
FNDA:0,(anonymous_13)
FNDA:0,(anonymous_14)
FNDA:0,(anonymous_15)
FNDA:0,(anonymous_16)
DA:17,0
DA:19,0
DA:20,0
DA:21,0
DA:22,0
DA:24,0
DA:27,0
DA:28,0
DA:29,0
DA:30,0
DA:31,0
DA:32,0
DA:34,0
DA:35,0
DA:36,0
DA:37,0
DA:38,0
DA:39,0
DA:40,0
DA:45,0
DA:46,0
DA:49,0
DA:53,0
DA:54,0
DA:55,0
DA:58,0
DA:59,0
DA:60,0
DA:62,0
DA:63,0
DA:64,0
DA:67,0
DA:68,0
DA:69,0
DA:78,0
DA:81,0
DA:82,0
DA:83,0
DA:85,0
DA:86,0
DA:89,0
DA:90,0
DA:91,0
DA:94,0
DA:95,0
DA:104,0
DA:105,0
DA:106,0
DA:107,0
DA:108,0
DA:110,0
DA:116,0
DA:118,0
DA:119,0
DA:120,0
DA:124,0
DA:125,0
DA:126,0
DA:128,0
DA:129,0
DA:130,0
DA:133,0
DA:136,0
DA:138,0
DA:139,0
DA:140,0
DA:142,0
DA:145,0
DA:146,0
DA:147,0
DA:148,0
DA:149,0
DA:151,0
DA:154,0
DA:157,0
DA:158,0
DA:159,0
DA:162,0
DA:170,0
DA:171,0
DA:173,0
DA:177,0
DA:178,0
DA:179,0
DA:187,0
DA:188,0
DA:189,0
DA:192,0
DA:193,0
DA:195,0
DA:200,0
DA:201,0
DA:204,0
DA:205,0
DA:207,0
DA:208,0
DA:210,0
DA:219,0
DA:223,0
DA:224,0
DA:225,0
DA:226,0
DA:227,0
DA:229,0
DA:230,0
DA:233,0
DA:235,0
DA:237,0
DA:250,0
DA:251,0
DA:253,0
DA:254,0
DA:258,0
DA:259,0
DA:260,0
DA:261,0
DA:262,0
DA:264,0
DA:265,0
DA:268,0
DA:270,0
DA:271,0
DA:284,0
DA:285,0
DA:287,0
DA:288,0
DA:292,0
DA:293,0
DA:294,0
DA:295,0
DA:296,0
DA:298,0
DA:299,0
DA:301,0
DA:303,0
DA:304,0
DA:307,0
DA:308,0
DA:321,0
DA:322,0
DA:324,0
DA:325,0
DA:329,0
DA:330,0
DA:331,0
DA:332,0
DA:333,0
DA:335,0
DA:336,0
DA:338,0
DA:340,0
DA:341,0
DA:344,0
DA:345,0
DA:358,0
DA:359,0
DA:361,0
DA:362,0
DA:367,0
DA:368,0
DA:369,0
DA:371,0
DA:372,0
DA:373,0
DA:377,0
DA:380,0
DA:383,0
DA:385,0
DA:387,0
DA:388,0
DA:392,0
DA:393,0
DA:394,0
DA:395,0
DA:397,0
DA:398,0
DA:400,0
DA:401,0
DA:402,0
DA:403,0
DA:404,0
DA:406,0
DA:408,0
DA:409,0
DA:414,0
DA:418,0
DA:419,0
DA:420,0
DA:421,0
DA:422,0
DA:423,0
DA:429,0
DA:430,0
DA:436,0
DA:444,0
DA:445,0
DA:446,0
DA:448,0
DA:449,0
DA:450,0
DA:452,0
DA:455,0
DA:456,0
DA:462,0
DA:466,0
DA:467,0
DA:468,0
DA:469,0
DA:470,0
DA:472,0
DA:473,0
DA:474,0
DA:475,0
DA:477,0
DA:478,0
DA:479,0
DA:481,0
DA:484,0
DA:485,0
DA:491,0
DA:495,0
DA:516,0
LF:222
LH:0
BRDA:21,0,0,0
BRDA:21,0,1,0
BRDA:38,1,0,0
BRDA:38,1,1,0
BRDA:62,2,0,0
BRDA:62,2,1,0
BRDA:67,3,0,0
BRDA:67,3,1,0
BRDA:81,4,0,0
BRDA:81,4,1,0
BRDA:113,5,0,0
BRDA:113,5,1,0
BRDA:126,6,0,0
BRDA:126,6,1,0
BRDA:128,7,0,0
BRDA:128,7,1,0
BRDA:165,8,0,0
BRDA:165,8,1,0
BRDA:182,9,0,0
BRDA:182,9,1,0
BRDA:183,10,0,0
BRDA:183,10,1,0
BRDA:185,11,0,0
BRDA:185,11,1,0
BRDA:187,12,0,0
BRDA:187,12,1,0
BRDA:188,13,0,0
BRDA:188,13,1,0
BRDA:189,14,0,0
BRDA:189,14,1,0
BRDA:192,15,0,0
BRDA:192,15,1,0
BRDA:193,16,0,0
BRDA:193,16,1,0
BRDA:197,17,0,0
BRDA:197,17,1,0
BRDA:200,18,0,0
BRDA:200,18,1,0
BRDA:200,19,0,0
BRDA:200,19,1,0
BRDA:215,20,0,0
BRDA:215,20,1,0
BRDA:235,21,0,0
BRDA:235,21,1,0
BRDA:270,22,0,0
BRDA:270,22,1,0
BRDA:303,23,0,0
BRDA:303,23,1,0
BRDA:307,24,0,0
BRDA:307,24,1,0
BRDA:340,25,0,0
BRDA:340,25,1,0
BRDA:344,26,0,0
BRDA:344,26,1,0
BRDA:346,27,0,0
BRDA:346,27,1,0
BRDA:371,28,0,0
BRDA:371,28,1,0
BRDA:429,29,0,0
BRDA:429,29,1,0
BRDA:472,30,0,0
BRDA:472,30,1,0
BRF:62
BRH:0
end_of_record
TN:
SF:src/contexts/AuthProvider.js
FN:8,(anonymous_0)
FN:20,(anonymous_1)
FNF:2
FNH:0
FNDA:0,(anonymous_0)
FNDA:0,(anonymous_1)
DA:5,0
DA:8,0
DA:10,0
DA:12,0
DA:20,0
DA:21,0
DA:22,0
DA:23,0
DA:25,0
LF:9
LH:0
BRDA:22,0,0,0
BRDA:22,0,1,0
BRF:2
BRH:0
end_of_record
TN:
SF:src/contexts/NotificationContext.js
FN:10,(anonymous_0)
FN:18,(anonymous_1)
FN:21,(anonymous_2)
FN:27,(anonymous_3)
FN:34,(anonymous_4)
FN:40,(anonymous_5)
FN:55,(anonymous_6)
FN:75,(anonymous_7)
FN:93,(anonymous_8)
FN:101,(anonymous_9)
FN:109,(anonymous_10)
FN:119,(anonymous_11)
FN:119,(anonymous_12)
FN:125,(anonymous_13)
FN:130,(anonymous_14)
FN:145,(anonymous_15)
FN:148,(anonymous_16)
FN:151,(anonymous_17)
FN:156,(anonymous_18)
FN:157,(anonymous_19)
FN:157,(anonymous_20)
FN:160,(anonymous_21)
FN:164,(anonymous_22)
FN:168,(anonymous_23)
FN:172,(anonymous_24)
FN:176,(anonymous_25)
FN:188,(anonymous_26)
FN:200,(anonymous_27)
FN:212,(anonymous_28)
FN:224,(anonymous_29)
FN:236,(anonymous_30)
FN:290,(anonymous_31)
FNF:32
FNH:0
FNDA:0,(anonymous_0)
FNDA:0,(anonymous_1)
FNDA:0,(anonymous_2)
FNDA:0,(anonymous_3)
FNDA:0,(anonymous_4)
FNDA:0,(anonymous_5)
FNDA:0,(anonymous_6)
FNDA:0,(anonymous_7)
FNDA:0,(anonymous_8)
FNDA:0,(anonymous_9)
FNDA:0,(anonymous_10)
FNDA:0,(anonymous_11)
FNDA:0,(anonymous_12)
FNDA:0,(anonymous_13)
FNDA:0,(anonymous_14)
FNDA:0,(anonymous_15)
FNDA:0,(anonymous_16)
FNDA:0,(anonymous_17)
FNDA:0,(anonymous_18)
FNDA:0,(anonymous_19)
FNDA:0,(anonymous_20)
FNDA:0,(anonymous_21)
FNDA:0,(anonymous_22)
FNDA:0,(anonymous_23)
FNDA:0,(anonymous_24)
FNDA:0,(anonymous_25)
FNDA:0,(anonymous_26)
FNDA:0,(anonymous_27)
FNDA:0,(anonymous_28)
FNDA:0,(anonymous_29)
FNDA:0,(anonymous_30)
FNDA:0,(anonymous_31)
DA:8,0
DA:10,0
DA:11,0
DA:12,0
DA:13,0
DA:14,0
DA:15,0
DA:18,0
DA:19,0
DA:21,0
DA:22,0
DA:27,0
DA:28,0
DA:29,0
DA:34,0
DA:35,0
DA:36,0
DA:40,0
DA:41,0
DA:42,0
DA:43,0
DA:44,0
DA:45,0
DA:46,0
DA:47,0
DA:50,0
DA:51,0
DA:55,0
DA:56,0
DA:57,0
DA:59,0
DA:68,0
DA:70,0
DA:75,0
DA:76,0
DA:78,0
DA:79,0
DA:82,0
DA:92,0
DA:93,0
DA:94,0
DA:97,0
DA:100,0
DA:101,0
DA:103,0
DA:105,0
DA:109,0
DA:110,0
DA:112,0
DA:113,0
DA:119,0
DA:121,0
DA:125,0
DA:126,0
DA:128,0
DA:129,0
DA:131,0
DA:138,0
DA:140,0
DA:145,0
DA:146,0
DA:147,0
DA:148,0
DA:151,0
DA:152,0
DA:156,0
DA:157,0
DA:160,0
DA:161,0
DA:164,0
DA:165,0
DA:168,0
DA:169,0
DA:172,0
DA:173,0
DA:176,0
DA:177,0
DA:179,0
DA:180,0
DA:181,0
DA:183,0
DA:184,0
DA:188,0
DA:189,0
DA:191,0
DA:192,0
DA:193,0
DA:195,0
DA:196,0
DA:200,0
DA:201,0
DA:203,0
DA:204,0
DA:205,0
DA:207,0
DA:208,0
DA:212,0
DA:213,0
DA:215,0
DA:216,0
DA:217,0
DA:219,0
DA:220,0
DA:224,0
DA:225,0
DA:227,0
DA:228,0
DA:229,0
DA:231,0
DA:232,0
DA:236,0
DA:237,0
DA:238,0
DA:239,0
DA:240,0
DA:241,0
DA:242,0
DA:243,0
DA:244,0
DA:246,0
DA:247,0
DA:250,0
DA:251,0
DA:252,0
DA:256,0
DA:283,0
DA:290,0
DA:291,0
DA:292,0
DA:293,0
DA:295,0
LF:131
LH:0
BRDA:28,0,0,0
BRDA:28,0,1,0
BRDA:28,1,0,0
BRDA:28,1,1,0
BRDA:35,2,0,0
BRDA:35,2,1,0
BRDA:35,3,0,0
BRDA:35,3,1,0
BRDA:43,4,0,0
BRDA:43,4,1,0
BRDA:56,5,0,0
BRDA:56,5,1,0
BRDA:56,6,0,0
BRDA:56,6,1,0
BRDA:76,7,0,0
BRDA:76,7,1,0
BRDA:76,8,0,0
BRDA:76,8,1,0
BRDA:94,9,0,0
BRDA:94,9,1,0
BRDA:110,10,0,0
BRDA:110,10,1,0
BRDA:126,11,0,0
BRDA:126,11,1,0
BRDA:126,12,0,0
BRDA:126,12,1,0
BRDA:177,13,0,0
BRDA:177,13,1,0
BRDA:177,14,0,0
BRDA:177,14,1,0
BRDA:189,15,0,0
BRDA:189,15,1,0
BRDA:189,16,0,0
BRDA:189,16,1,0
BRDA:201,17,0,0
BRDA:201,17,1,0
BRDA:201,18,0,0
BRDA:201,18,1,0
BRDA:213,19,0,0
BRDA:213,19,1,0
BRDA:213,20,0,0
BRDA:213,20,1,0
BRDA:224,21,0,0
BRDA:225,22,0,0
BRDA:225,22,1,0
BRDA:239,23,0,0
BRDA:239,23,1,0
BRDA:292,24,0,0
BRDA:292,24,1,0
BRF:49
BRH:0
end_of_record
TN:
SF:src/contexts/ThemeContext.js
FN:7,(anonymous_0)
FN:10,(anonymous_1)
FN:13,(anonymous_2)
FN:18,(anonymous_3)
FN:22,(anonymous_4)
FN:28,(anonymous_5)
FN:45,(anonymous_6)
FN:55,(anonymous_7)
FN:66,(anonymous_8)
FN:71,(anonymous_9)
FN:94,(anonymous_10)
FNF:11
FNH:0
FNDA:0,(anonymous_0)
FNDA:0,(anonymous_1)
FNDA:0,(anonymous_2)
FNDA:0,(anonymous_3)
FNDA:0,(anonymous_4)
FNDA:0,(anonymous_5)
FNDA:0,(anonymous_6)
FNDA:0,(anonymous_7)
FNDA:0,(anonymous_8)
FNDA:0,(anonymous_9)
FNDA:0,(anonymous_10)
DA:5,0
DA:7,0
DA:8,0
DA:9,0
DA:10,0
DA:13,0
DA:14,0
DA:18,0
DA:19,0
DA:22,0
DA:24,0
DA:25,0
DA:28,0
DA:29,0
DA:30,0
DA:31,0
DA:33,0
DA:34,0
DA:37,0
DA:38,0
DA:41,0
DA:45,0
DA:46,0
DA:47,0
DA:48,0
DA:49,0
DA:51,0
DA:55,0
DA:56,0
DA:57,0
DA:58,0
DA:59,0
DA:62,0
DA:66,0
DA:67,0
DA:71,0
DA:72,0
DA:73,0
DA:76,0
DA:87,0
DA:94,0
DA:95,0
DA:96,0
DA:97,0
DA:99,0
LF:45
LH:0
BRDA:33,0,0,0
BRDA:33,0,1,0
BRDA:37,1,0,0
BRDA:37,1,1,0
BRDA:37,2,0,0
BRDA:37,2,1,0
BRDA:57,3,0,0
BRDA:57,3,1,0
BRDA:67,4,0,0
BRDA:67,4,1,0
BRDA:67,4,2,0
BRDA:96,5,0,0
BRDA:96,5,1,0
BRF:13
BRH:0
end_of_record
TN:
SF:src/data/countries.js
FN:213,(anonymous_0)
FN:214,(anonymous_1)
FN:217,(anonymous_2)
FNF:3
FNH:0
FNDA:0,(anonymous_0)
FNDA:0,(anonymous_1)
FNDA:0,(anonymous_2)
DA:1,0
DA:213,0
DA:214,0
DA:217,0
DA:218,0
DA:219,0
LF:6
LH:0
BRDA:219,0,0,0
BRDA:219,0,1,0
BRF:2
BRH:0
end_of_record
TN:
SF:src/features/auth/services/authService.js
FN:13,(anonymous_0)
FN:33,(anonymous_1)
FN:61,(anonymous_2)
FN:72,(anonymous_3)
FN:85,(anonymous_4)
FN:99,(anonymous_5)
FN:120,(anonymous_6)
FN:142,(anonymous_7)
FN:147,(anonymous_8)
FNF:9
FNH:0
FNDA:0,(anonymous_0)
FNDA:0,(anonymous_1)
FNDA:0,(anonymous_2)
FNDA:0,(anonymous_3)
FNDA:0,(anonymous_4)
FNDA:0,(anonymous_5)
FNDA:0,(anonymous_6)
FNDA:0,(anonymous_7)
FNDA:0,(anonymous_8)
DA:14,0
DA:15,0
DA:16,0
DA:19,0
DA:22,0
DA:23,0
DA:25,0
DA:27,0
DA:28,0
DA:34,0
DA:35,0
DA:36,0
DA:39,0
DA:47,0
DA:50,0
DA:51,0
DA:53,0
DA:55,0
DA:56,0
DA:62,0
DA:63,0
DA:64,0
DA:66,0
DA:67,0
DA:73,0
DA:74,0
DA:75,0
DA:76,0
DA:77,0
DA:79,0
DA:80,0
DA:86,0
DA:87,0
DA:88,0
DA:89,0
DA:91,0
DA:93,0
DA:94,0
DA:100,0
DA:101,0
DA:106,0
DA:109,0
DA:110,0
DA:112,0
DA:114,0
DA:115,0
DA:121,0
DA:132,0
DA:134,0
DA:143,0
DA:148,0
DA:149,0
LF:52
LH:0
BRDA:88,0,0,0
BRDA:88,0,1,0
BRDA:132,1,0,0
BRDA:132,1,1,0
BRDA:132,1,2,0
BRF:5
BRH:0
end_of_record
TN:
SF:src/hooks/useAcademiaData.js
FN:12,useAcademiaCollection
FN:18,(anonymous_1)
FN:40,(anonymous_2)
FN:41,(anonymous_3)
FN:48,(anonymous_4)
FN:64,(anonymous_5)
FN:84,(anonymous_6)
FN:102,(anonymous_7)
FN:132,useAcademiaDocument
FN:138,(anonymous_9)
FN:148,(anonymous_10)
FN:178,(anonymous_11)
FN:179,(anonymous_12)
FN:180,(anonymous_13)
FN:181,(anonymous_14)
FN:182,(anonymous_15)
FN:183,(anonymous_16)
FN:188,useAcademiaStats
FN:198,(anonymous_18)
FN:199,(anonymous_19)
FN:200,(anonymous_20)
FNF:21
FNH:0
FNDA:0,useAcademiaCollection
FNDA:0,(anonymous_1)
FNDA:0,(anonymous_2)
FNDA:0,(anonymous_3)
FNDA:0,(anonymous_4)
FNDA:0,(anonymous_5)
FNDA:0,(anonymous_6)
FNDA:0,(anonymous_7)
FNDA:0,useAcademiaDocument
FNDA:0,(anonymous_9)
FNDA:0,(anonymous_10)
FNDA:0,(anonymous_11)
FNDA:0,(anonymous_12)
FNDA:0,(anonymous_13)
FNDA:0,(anonymous_14)
FNDA:0,(anonymous_15)
FNDA:0,(anonymous_16)
FNDA:0,useAcademiaStats
FNDA:0,(anonymous_18)
FNDA:0,(anonymous_19)
FNDA:0,(anonymous_20)
DA:13,0
DA:14,0
DA:15,0
DA:16,0
DA:18,0
DA:19,0
DA:20,0
DA:21,0
DA:22,0
DA:25,0
DA:26,0
DA:28,0
DA:30,0
DA:33,0
DA:34,0
DA:35,0
DA:39,0
DA:41,0
DA:45,0
DA:46,0
DA:49,0
DA:50,0
DA:51,0
DA:55,0
DA:57,0
DA:58,0
DA:59,0
DA:64,0
DA:65,0
DA:66,0
DA:69,0
DA:70,0
DA:71,0
DA:76,0
DA:78,0
DA:79,0
DA:84,0
DA:85,0
DA:86,0
DA:89,0
DA:90,0
DA:91,0
DA:96,0
DA:97,0
DA:102,0
DA:103,0
DA:104,0
DA:107,0
DA:108,0
DA:109,0
DA:111,0
DA:112,0
DA:116,0
DA:133,0
DA:134,0
DA:135,0
DA:136,0
DA:138,0
DA:139,0
DA:140,0
DA:141,0
DA:142,0
DA:145,0
DA:146,0
DA:148,0
DA:149,0
DA:150,0
DA:151,0
DA:153,0
DA:154,0
DA:159,0
DA:161,0
DA:163,0
DA:164,0
DA:165,0
DA:169,0
DA:172,0
DA:178,0
DA:179,0
DA:180,0
DA:181,0
DA:182,0
DA:183,0
DA:189,0
DA:190,0
DA:191,0
DA:193,0
DA:195,0
DA:198,0
DA:199,0
DA:201,0
DA:202,0
DA:204,0
DA:208,0
LF:94
LH:0
BRDA:12,0,0,0
BRDA:19,1,0,0
BRDA:19,1,1,0
BRDA:19,2,0,0
BRDA:19,2,1,0
BRDA:34,3,0,0
BRDA:34,3,1,0
BRDA:65,4,0,0
BRDA:65,4,1,0
BRDA:85,5,0,0
BRDA:85,5,1,0
BRDA:103,6,0,0
BRDA:103,6,1,0
BRDA:139,7,0,0
BRDA:139,7,1,0
BRDA:139,8,0,0
BRDA:139,8,1,0
BRDA:139,8,2,0
BRDA:153,9,0,0
BRDA:153,9,1,0
BRDA:193,10,0,0
BRDA:193,10,1,0
BRDA:193,10,2,0
BRDA:196,11,0,0
BRDA:196,11,1,0
BRDA:197,12,0,0
BRDA:197,12,1,0
BRDA:198,13,0,0
BRDA:198,13,1,0
BRDA:199,14,0,0
BRDA:199,14,1,0
BRDA:200,15,0,0
BRDA:200,15,1,0
BRDA:201,16,0,0
BRDA:201,16,1,0
BRDA:202,17,0,0
BRDA:202,17,1,0
BRDA:204,18,0,0
BRDA:204,18,1,0
BRDA:204,19,0,0
BRDA:204,19,1,0
BRF:41
BRH:0
end_of_record
TN:
SF:src/hooks/useAuthMigration.js
FN:13,(anonymous_0)
FN:31,(anonymous_1)
FN:68,(anonymous_2)
FN:111,(anonymous_3)
FN:123,(anonymous_4)
FN:128,(anonymous_5)
FN:149,(anonymous_6)
FN:161,(anonymous_7)
FN:195,(anonymous_8)
FN:228,(anonymous_9)
FN:260,(anonymous_10)
FN:293,(anonymous_11)
FN:319,(anonymous_12)
FN:335,(anonymous_13)
FN:371,(anonymous_14)
FNF:15
FNH:0
FNDA:0,(anonymous_0)
FNDA:0,(anonymous_1)
FNDA:0,(anonymous_2)
FNDA:0,(anonymous_3)
FNDA:0,(anonymous_4)
FNDA:0,(anonymous_5)
FNDA:0,(anonymous_6)
FNDA:0,(anonymous_7)
FNDA:0,(anonymous_8)
FNDA:0,(anonymous_9)
FNDA:0,(anonymous_10)
FNDA:0,(anonymous_11)
FNDA:0,(anonymous_12)
FNDA:0,(anonymous_13)
FNDA:0,(anonymous_14)
DA:9,0
DA:10,0
DA:13,0
DA:28,0
DA:31,0
DA:32,0
DA:33,0
DA:34,0
DA:35,0
DA:36,0
DA:37,0
DA:42,0
DA:43,0
DA:46,0
DA:47,0
DA:48,0
DA:54,0
DA:55,0
DA:57,0
DA:62,0
DA:63,0
DA:68,0
DA:69,0
DA:70,0
DA:71,0
DA:73,0
DA:74,0
DA:75,0
DA:76,0
DA:79,0
DA:80,0
DA:83,0
DA:86,0
DA:98,0
DA:99,0
DA:101,0
DA:102,0
DA:105,0
DA:106,0
DA:111,0
DA:113,0
DA:114,0
DA:115,0
DA:118,0
DA:119,0
DA:120,0
DA:123,0
DA:124,0
DA:125,0
DA:128,0
DA:129,0
DA:130,0
DA:132,0
DA:133,0
DA:135,0
DA:136,0
DA:138,0
DA:139,0
DA:142,0
DA:144,0
DA:145,0
DA:149,0
DA:150,0
DA:151,0
DA:152,0
DA:153,0
DA:154,0
DA:156,0
DA:161,0
DA:162,0
DA:163,0
DA:164,0
DA:165,0
DA:167,0
DA:168,0
DA:171,0
DA:173,0
DA:175,0
DA:188,0
DA:190,0
DA:191,0
DA:195,0
DA:196,0
DA:197,0
DA:198,0
DA:199,0
DA:201,0
DA:202,0
DA:205,0
DA:207,0
DA:208,0
DA:221,0
DA:223,0
DA:224,0
DA:228,0
DA:229,0
DA:230,0
DA:231,0
DA:232,0
DA:234,0
DA:235,0
DA:237,0
DA:239,0
DA:240,0
DA:253,0
DA:255,0
DA:256,0
DA:260,0
DA:261,0
DA:262,0
DA:263,0
DA:264,0
DA:266,0
DA:267,0
DA:269,0
DA:271,0
DA:272,0
DA:285,0
DA:287,0
DA:288,0
DA:293,0
DA:294,0
DA:295,0
DA:296,0
DA:299,0
DA:302,0
DA:305,0
DA:306,0
DA:307,0
DA:309,0
DA:311,0
DA:313,0
DA:314,0
DA:319,0
DA:320,0
DA:321,0
DA:323,0
DA:324,0
DA:326,0
DA:327,0
DA:329,0
DA:330,0
DA:335,0
DA:336,0
DA:337,0
DA:338,0
DA:341,0
DA:344,0
DA:350,0
DA:351,0
DA:354,0
DA:355,0
DA:356,0
DA:358,0
DA:361,0
DA:363,0
DA:365,0
DA:366,0
DA:371,0
DA:372,0
DA:373,0
DA:376,0
DA:379,0
DA:381,0
DA:383,0
DA:384,0
DA:388,0
LF:167
LH:0
BRDA:35,0,0,0
BRDA:35,0,1,0
BRDA:46,1,0,0
BRDA:46,1,1,0
BRDA:73,2,0,0
BRDA:73,2,1,0
BRDA:79,3,0,0
BRDA:79,3,1,0
BRDA:87,4,0,0
BRDA:87,4,1,0
BRDA:87,4,2,0
BRDA:88,5,0,0
BRDA:88,5,1,0
BRDA:89,6,0,0
BRDA:89,6,1,0
BRDA:113,7,0,0
BRDA:113,7,1,0
BRDA:129,8,0,0
BRDA:129,8,1,0
BRDA:135,9,0,0
BRDA:135,9,1,0
BRDA:152,10,0,0
BRDA:152,10,1,0
BRDA:173,11,0,0
BRDA:173,11,1,0
BRDA:207,12,0,0
BRDA:207,12,1,0
BRDA:239,13,0,0
BRDA:239,13,1,0
BRDA:271,14,0,0
BRDA:271,14,1,0
BRDA:273,15,0,0
BRDA:273,15,1,0
BRDA:295,16,0,0
BRDA:295,16,1,0
BRDA:305,17,0,0
BRDA:305,17,1,0
BRDA:335,18,0,0
BRDA:337,19,0,0
BRDA:337,19,1,0
BRDA:354,20,0,0
BRDA:354,20,1,0
BRDA:356,21,0,0
BRDA:356,21,1,0
BRF:44
BRH:0
end_of_record
TN:
SF:src/hooks/useResponsive.js
FN:5,(anonymous_0)
FN:6,(anonymous_1)
FN:8,(anonymous_2)
FN:9,(anonymous_3)
FN:13,(anonymous_4)
FN:20,(anonymous_5)
FNF:6
FNH:0
FNDA:0,(anonymous_0)
FNDA:0,(anonymous_1)
FNDA:0,(anonymous_2)
FNDA:0,(anonymous_3)
FNDA:0,(anonymous_4)
FNDA:0,(anonymous_5)
DA:5,0
DA:6,0
DA:8,0
DA:9,0
DA:10,0
DA:13,0
DA:16,0
DA:17,0
DA:18,0
DA:20,0
DA:21,0
DA:22,0
DA:23,0
DA:26,0
LF:14
LH:0
BRDA:17,0,0,0
BRDA:17,0,1,0
BRDA:21,1,0,0
BRDA:21,1,1,0
BRDA:22,2,0,0
BRDA:22,2,1,0
BRF:6
BRH:0
end_of_record
TN:
SF:src/navigation/AdminNavigator.js
FN:38,(anonymous_0)
FN:43,(anonymous_1)
FN:44,(anonymous_2)
FN:51,(anonymous_3)
FN:101,(anonymous_4)
FN:112,(anonymous_5)
FN:127,(anonymous_6)
FN:142,(anonymous_7)
FN:157,(anonymous_8)
FN:172,(anonymous_9)
FN:187,(anonymous_10)
FN:202,(anonymous_11)
FN:217,(anonymous_12)
FN:232,(anonymous_13)
FN:247,(anonymous_14)
FN:262,(anonymous_15)
FN:277,(anonymous_16)
FN:292,(anonymous_17)
FN:309,(anonymous_18)
FN:324,(anonymous_19)
FN:339,(anonymous_20)
FN:354,(anonymous_21)
FN:369,(anonymous_22)
FNF:23
FNH:0
FNDA:0,(anonymous_0)
FNDA:0,(anonymous_1)
FNDA:0,(anonymous_2)
FNDA:0,(anonymous_3)
FNDA:0,(anonymous_4)
FNDA:0,(anonymous_5)
FNDA:0,(anonymous_6)
FNDA:0,(anonymous_7)
FNDA:0,(anonymous_8)
FNDA:0,(anonymous_9)
FNDA:0,(anonymous_10)
FNDA:0,(anonymous_11)
FNDA:0,(anonymous_12)
FNDA:0,(anonymous_13)
FNDA:0,(anonymous_14)
FNDA:0,(anonymous_15)
FNDA:0,(anonymous_16)
FNDA:0,(anonymous_17)
FNDA:0,(anonymous_18)
FNDA:0,(anonymous_19)
FNDA:0,(anonymous_20)
FNDA:0,(anonymous_21)
FNDA:0,(anonymous_22)
DA:34,0
DA:35,0
DA:38,0
DA:39,0
DA:41,0
DA:43,0
DA:45,0
DA:54,0
DA:55,0
DA:56,0
DA:57,0
DA:58,0
DA:59,0
DA:60,0
DA:61,0
DA:62,0
DA:63,0
DA:65,0
DA:101,0
DA:102,0
DA:104,0
DA:113,0
DA:128,0
DA:143,0
DA:158,0
DA:173,0
DA:188,0
DA:203,0
DA:218,0
DA:233,0
DA:248,0
DA:263,0
DA:278,0
DA:293,0
DA:310,0
DA:325,0
DA:340,0
DA:355,0
DA:370,0
LF:39
LH:0
BRDA:46,0,0,0
BRDA:46,0,1,0
BRDA:46,0,2,0
BRDA:46,0,3,0
BRDA:46,0,4,0
BRDA:46,0,5,0
BRDA:47,1,0,0
BRDA:47,1,1,0
BRDA:54,2,0,0
BRDA:54,2,1,0
BRDA:55,3,0,0
BRDA:55,3,1,0
BRDA:56,4,0,0
BRDA:56,4,1,0
BRDA:57,5,0,0
BRDA:57,5,1,0
BRDA:58,6,0,0
BRDA:58,6,1,0
BRDA:59,7,0,0
BRDA:59,7,1,0
BRDA:60,8,0,0
BRDA:60,8,1,0
BRDA:61,9,0,0
BRDA:61,9,1,0
BRDA:62,10,0,0
BRDA:62,10,1,0
BRDA:63,11,0,0
BRDA:63,11,1,0
BRF:28
BRH:0
end_of_record
TN:
SF:src/navigation/AppNavigator.js
FN:25,(anonymous_0)
FN:50,(anonymous_1)
FN:58,(anonymous_2)
FN:62,(anonymous_3)
FNF:4
FNH:0
FNDA:0,(anonymous_0)
FNDA:0,(anonymous_1)
FNDA:0,(anonymous_2)
FNDA:0,(anonymous_3)
DA:22,0
DA:25,0
DA:27,0
DA:29,0
DA:30,0
DA:32,0
DA:33,0
DA:35,0
DA:36,0
DA:38,0
DA:41,0
DA:50,0
DA:58,0
DA:59,0
DA:62,0
DA:77,0
DA:78,0
DA:79,0
DA:80,0
DA:81,0
DA:83,0
DA:84,0
DA:85,0
DA:89,0
DA:90,0
DA:91,0
DA:99,0
DA:100,0
DA:101,0
DA:106,0
DA:107,0
DA:108,0
DA:118,0
DA:120,0
DA:121,0
DA:122,0
DA:133,0
DA:134,0
DA:135,0
DA:140,0
DA:143,0
DA:151,0
LF:42
LH:0
BRDA:27,0,0,0
BRDA:27,0,1,0
BRDA:27,0,2,0
BRDA:27,0,3,0
BRDA:71,1,0,0
BRDA:71,1,1,0
BRDA:71,1,2,0
BRDA:72,2,0,0
BRDA:72,2,1,0
BRDA:74,3,0,0
BRDA:74,3,1,0
BRDA:83,4,0,0
BRDA:83,4,1,0
BRDA:89,5,0,0
BRDA:89,5,1,0
BRDA:99,6,0,0
BRDA:99,6,1,0
BRDA:106,7,0,0
BRDA:106,7,1,0
BRDA:106,8,0,0
BRDA:106,8,1,0
BRDA:106,8,2,0
BRDA:118,9,0,0
BRDA:118,9,1,0
BRDA:120,10,0,0
BRDA:120,10,1,0
BRDA:133,11,0,0
BRDA:133,11,1,0
BRDA:133,12,0,0
BRDA:133,12,1,0
BRF:30
BRH:0
end_of_record
TN:
SF:src/navigation/AuthNavigator.js
FN:14,(anonymous_0)
FNF:1
FNH:0
FNDA:0,(anonymous_0)
DA:11,0
DA:14,0
DA:15,0
LF:3
LH:0
BRF:0
BRH:0
end_of_record
TN:
SF:src/navigation/InstructorNavigator.js
FN:33,(anonymous_0)
FN:38,(anonymous_1)
FN:39,(anonymous_2)
FN:46,(anonymous_3)
FN:82,(anonymous_4)
FN:93,(anonymous_5)
FN:108,(anonymous_6)
FN:123,(anonymous_7)
FN:138,(anonymous_8)
FN:153,(anonymous_9)
FN:168,(anonymous_10)
FN:183,(anonymous_11)
FN:198,(anonymous_12)
FN:213,(anonymous_13)
FN:230,(anonymous_14)
FN:245,(anonymous_15)
FN:260,(anonymous_16)
FN:275,(anonymous_17)
FN:290,(anonymous_18)
FN:305,(anonymous_19)
FNF:20
FNH:0
FNDA:0,(anonymous_0)
FNDA:0,(anonymous_1)
FNDA:0,(anonymous_2)
FNDA:0,(anonymous_3)
FNDA:0,(anonymous_4)
FNDA:0,(anonymous_5)
FNDA:0,(anonymous_6)
FNDA:0,(anonymous_7)
FNDA:0,(anonymous_8)
FNDA:0,(anonymous_9)
FNDA:0,(anonymous_10)
FNDA:0,(anonymous_11)
FNDA:0,(anonymous_12)
FNDA:0,(anonymous_13)
FNDA:0,(anonymous_14)
FNDA:0,(anonymous_15)
FNDA:0,(anonymous_16)
FNDA:0,(anonymous_17)
FNDA:0,(anonymous_18)
FNDA:0,(anonymous_19)
DA:29,0
DA:30,0
DA:33,0
DA:34,0
DA:36,0
DA:38,0
DA:40,0
DA:49,0
DA:50,0
DA:51,0
DA:52,0
DA:53,0
DA:54,0
DA:56,0
DA:82,0
DA:83,0
DA:85,0
DA:94,0
DA:109,0
DA:124,0
DA:139,0
DA:154,0
DA:169,0
DA:184,0
DA:199,0
DA:214,0
DA:231,0
DA:246,0
DA:261,0
DA:276,0
DA:291,0
DA:306,0
LF:32
LH:0
BRDA:41,0,0,0
BRDA:41,0,1,0
BRDA:41,0,2,0
BRDA:41,0,3,0
BRDA:41,0,4,0
BRDA:41,0,5,0
BRDA:42,1,0,0
BRDA:42,1,1,0
BRDA:49,2,0,0
BRDA:49,2,1,0
BRDA:50,3,0,0
BRDA:50,3,1,0
BRDA:51,4,0,0
BRDA:51,4,1,0
BRDA:52,5,0,0
BRDA:52,5,1,0
BRDA:53,6,0,0
BRDA:53,6,1,0
BRDA:54,7,0,0
BRDA:54,7,1,0
BRF:20
BRH:0
end_of_record
TN:
SF:src/navigation/SharedNavigator.js
FN:20,(anonymous_0)
FN:33,(anonymous_1)
FN:42,(anonymous_2)
FN:43,(anonymous_3)
FN:57,(anonymous_4)
FN:58,(anonymous_5)
FN:72,(anonymous_6)
FN:73,(anonymous_7)
FN:87,(anonymous_8)
FN:88,(anonymous_9)
FN:102,(anonymous_10)
FN:103,(anonymous_11)
FN:117,(anonymous_12)
FN:118,(anonymous_13)
FN:132,(anonymous_14)
FN:133,(anonymous_15)
FN:147,(anonymous_16)
FN:148,(anonymous_17)
FN:162,(anonymous_18)
FN:163,(anonymous_19)
FNF:20
FNH:0
FNDA:0,(anonymous_0)
FNDA:0,(anonymous_1)
FNDA:0,(anonymous_2)
FNDA:0,(anonymous_3)
FNDA:0,(anonymous_4)
FNDA:0,(anonymous_5)
FNDA:0,(anonymous_6)
FNDA:0,(anonymous_7)
FNDA:0,(anonymous_8)
FNDA:0,(anonymous_9)
FNDA:0,(anonymous_10)
FNDA:0,(anonymous_11)
FNDA:0,(anonymous_12)
FNDA:0,(anonymous_13)
FNDA:0,(anonymous_14)
FNDA:0,(anonymous_15)
FNDA:0,(anonymous_16)
FNDA:0,(anonymous_17)
FNDA:0,(anonymous_18)
FNDA:0,(anonymous_19)
DA:17,0
DA:20,0
DA:21,0
DA:23,0
DA:25,0
DA:28,0
DA:33,0
DA:34,0
DA:35,0
DA:37,0
DA:42,0
DA:44,0
DA:57,0
DA:59,0
DA:72,0
DA:74,0
DA:87,0
DA:89,0
DA:102,0
DA:104,0
DA:117,0
DA:119,0
DA:132,0
DA:134,0
DA:147,0
DA:149,0
DA:162,0
DA:164,0
LF:28
LH:0
BRDA:21,0,0,0
BRDA:21,0,1,0
BRDA:21,0,2,0
BRDA:21,0,3,0
BRF:4
BRH:0
end_of_record
TN:
SF:src/navigation/StudentNavigator.js
FN:26,(anonymous_0)
FN:31,(anonymous_1)
FN:32,(anonymous_2)
FN:39,(anonymous_3)
FN:82,(anonymous_4)
FN:97,(anonymous_5)
FN:112,(anonymous_6)
FN:127,(anonymous_7)
FN:142,(anonymous_8)
FN:157,(anonymous_9)
FN:172,(anonymous_10)
FNF:11
FNH:0
FNDA:0,(anonymous_0)
FNDA:0,(anonymous_1)
FNDA:0,(anonymous_2)
FNDA:0,(anonymous_3)
FNDA:0,(anonymous_4)
FNDA:0,(anonymous_5)
FNDA:0,(anonymous_6)
FNDA:0,(anonymous_7)
FNDA:0,(anonymous_8)
FNDA:0,(anonymous_9)
FNDA:0,(anonymous_10)
DA:22,0
DA:23,0
DA:26,0
DA:27,0
DA:29,0
DA:31,0
DA:33,0
DA:42,0
DA:43,0
DA:44,0
DA:45,0
DA:46,0
DA:47,0
DA:48,0
DA:49,0
DA:51,0
DA:82,0
DA:83,0
DA:98,0
DA:113,0
DA:128,0
DA:143,0
DA:158,0
DA:173,0
LF:24
LH:0
BRDA:34,0,0,0
BRDA:34,0,1,0
BRDA:34,0,2,0
BRDA:34,0,3,0
BRDA:34,0,4,0
BRDA:34,0,5,0
BRDA:35,1,0,0
BRDA:35,1,1,0
BRDA:42,2,0,0
BRDA:42,2,1,0
BRDA:43,3,0,0
BRDA:43,3,1,0
BRDA:44,4,0,0
BRDA:44,4,1,0
BRDA:45,5,0,0
BRDA:45,5,1,0
BRDA:46,6,0,0
BRDA:46,6,1,0
BRDA:47,7,0,0
BRDA:47,7,1,0
BRDA:48,8,0,0
BRDA:48,8,1,0
BRDA:49,9,0,0
BRDA:49,9,1,0
BRF:24
BRH:0
end_of_record
TN:
SF:src/polyfills/import-meta-polyfill.js
FN:5,(anonymous_0)
FN:17,(anonymous_1)
FNF:2
FNH:0
FNDA:0,(anonymous_0)
FNDA:0,(anonymous_1)
DA:5,0
DA:9,0
DA:10,0
DA:14,0
DA:18,0
DA:19,0
DA:20,0
DA:22,0
DA:25,0
DA:30,0
DA:32,0
DA:33,0
DA:40,0
DA:41,0
DA:48,0
DA:49,0
DA:56,0
DA:57,0
DA:65,0
DA:66,0
DA:67,0
DA:69,0
DA:70,0
DA:72,0
DA:73,0
DA:76,0
DA:82,0
LF:27
LH:0
BRDA:9,0,0,0
BRDA:9,0,1,0
BRDA:9,1,0,0
BRDA:9,1,1,0
BRDA:9,1,2,0
BRDA:15,2,0,0
BRDA:15,2,1,0
BRDA:16,3,0,0
BRDA:16,3,1,0
BRDA:18,4,0,0
BRDA:18,4,1,0
BRDA:18,5,0,0
BRDA:18,5,1,0
BRDA:32,6,0,0
BRDA:32,6,1,0
BRDA:40,7,0,0
BRDA:40,7,1,0
BRDA:48,8,0,0
BRDA:48,8,1,0
BRDA:56,9,0,0
BRDA:56,9,1,0
BRDA:66,10,0,0
BRDA:66,10,1,0
BRDA:69,11,0,0
BRDA:69,11,1,0
BRDA:72,12,0,0
BRDA:72,12,1,0
BRF:27
BRH:0
end_of_record
TN:
SF:src/screens/LoginScreen.js
FN:26,LoginScreen
FN:44,(anonymous_1)
FN:52,(anonymous_2)
FN:53,(anonymous_3)
FN:56,(anonymous_4)
FN:75,(anonymous_5)
FN:111,(anonymous_6)
FN:123,(anonymous_7)
FN:131,(anonymous_8)
FN:145,(anonymous_9)
FN:159,(anonymous_10)
FN:173,(anonymous_11)
FN:209,(anonymous_12)
FN:213,(anonymous_13)
FN:224,(anonymous_14)
FN:227,(anonymous_15)
FN:276,(anonymous_16)
FN:279,(anonymous_17)
FN:297,(anonymous_18)
FN:300,(anonymous_19)
FN:312,(anonymous_20)
FNF:21
FNH:0
FNDA:0,LoginScreen
FNDA:0,(anonymous_1)
FNDA:0,(anonymous_2)
FNDA:0,(anonymous_3)
FNDA:0,(anonymous_4)
FNDA:0,(anonymous_5)
FNDA:0,(anonymous_6)
FNDA:0,(anonymous_7)
FNDA:0,(anonymous_8)
FNDA:0,(anonymous_9)
FNDA:0,(anonymous_10)
FNDA:0,(anonymous_11)
FNDA:0,(anonymous_12)
FNDA:0,(anonymous_13)
FNDA:0,(anonymous_14)
FNDA:0,(anonymous_15)
FNDA:0,(anonymous_16)
FNDA:0,(anonymous_17)
FNDA:0,(anonymous_18)
FNDA:0,(anonymous_19)
FNDA:0,(anonymous_20)
DA:27,0
DA:28,0
DA:29,0
DA:30,0
DA:31,0
DA:34,0
DA:39,0
DA:41,0
DA:42,0
DA:44,0
DA:45,0
DA:52,0
DA:53,0
DA:56,0
DA:57,0
DA:59,0
DA:60,0
DA:61,0
DA:62,0
DA:65,0
DA:66,0
DA:67,0
DA:68,0
DA:71,0
DA:72,0
DA:75,0
DA:76,0
DA:77,0
DA:78,0
DA:81,0
DA:82,0
DA:83,0
DA:84,0
DA:86,0
DA:87,0
DA:89,0
DA:90,0
DA:91,0
DA:92,0
DA:93,0
DA:94,0
DA:95,0
DA:96,0
DA:97,0
DA:98,0
DA:99,0
DA:100,0
DA:101,0
DA:102,0
DA:105,0
DA:107,0
DA:111,0
DA:112,0
DA:113,0
DA:115,0
DA:123,0
DA:124,0
DA:125,0
DA:127,0
DA:131,0
DA:132,0
DA:133,0
DA:134,0
DA:135,0
DA:136,0
DA:138,0
DA:139,0
DA:141,0
DA:145,0
DA:146,0
DA:147,0
DA:148,0
DA:149,0
DA:150,0
DA:152,0
DA:153,0
DA:155,0
DA:159,0
DA:160,0
DA:161,0
DA:162,0
DA:163,0
DA:164,0
DA:166,0
DA:167,0
DA:169,0
DA:173,0
DA:174,0
DA:175,0
DA:176,0
DA:177,0
DA:178,0
DA:180,0
DA:181,0
DA:183,0
DA:187,0
DA:188,0
DA:196,0
DA:209,0
DA:213,0
DA:225,0
DA:228,0
DA:229,0
DA:277,0
DA:278,0
DA:279,0
DA:298,0
DA:299,0
DA:300,0
DA:312,0
DA:443,0
LF:111
LH:0
BRDA:44,0,0,0
BRDA:59,1,0,0
BRDA:59,1,1,0
BRDA:60,2,0,0
BRDA:60,2,1,0
BRDA:61,3,0,0
BRDA:61,3,1,0
BRDA:62,4,0,0
BRDA:62,4,1,0
BRDA:65,5,0,0
BRDA:65,5,1,0
BRDA:66,6,0,0
BRDA:66,6,1,0
BRDA:67,7,0,0
BRDA:67,7,1,0
BRDA:68,8,0,0
BRDA:68,8,1,0
BRDA:76,9,0,0
BRDA:76,9,1,0
BRDA:77,10,0,0
BRDA:77,10,1,0
BRDA:84,11,0,0
BRDA:84,11,1,0
BRDA:87,12,0,0
BRDA:87,12,1,0
BRDA:89,13,0,0
BRDA:89,13,1,0
BRDA:90,14,0,0
BRDA:90,14,1,0
BRDA:91,15,0,0
BRDA:91,15,1,0
BRDA:92,16,0,0
BRDA:92,16,1,0
BRDA:93,17,0,0
BRDA:93,17,1,0
BRDA:94,18,0,0
BRDA:94,18,1,0
BRDA:95,19,0,0
BRDA:95,19,1,0
BRDA:96,20,0,0
BRDA:96,20,1,0
BRDA:97,21,0,0
BRDA:97,21,1,0
BRDA:99,22,0,0
BRDA:99,22,1,0
BRDA:101,23,0,0
BRDA:101,23,1,0
BRDA:112,24,0,0
BRDA:112,24,1,0
BRDA:124,25,0,0
BRDA:124,25,1,0
BRDA:132,26,0,0
BRDA:132,26,1,0
BRDA:139,27,0,0
BRDA:139,27,1,0
BRDA:146,28,0,0
BRDA:146,28,1,0
BRDA:153,29,0,0
BRDA:153,29,1,0
BRDA:160,30,0,0
BRDA:160,30,1,0
BRDA:167,31,0,0
BRDA:167,31,1,0
BRDA:174,32,0,0
BRDA:174,32,1,0
BRDA:181,33,0,0
BRDA:181,33,1,0
BRDA:187,34,0,0
BRDA:187,34,1,0
BRDA:198,35,0,0
BRDA:198,35,1,0
BRDA:241,36,0,0
BRDA:241,36,1,0
BRDA:250,37,0,0
BRDA:250,37,1,0
BRDA:278,38,0,0
BRDA:278,38,1,0
BRDA:292,39,0,0
BRDA:292,39,1,0
BRDA:299,40,0,0
BRDA:299,40,1,0
BRDA:311,41,0,0
BRDA:311,41,1,0
BRDA:318,42,0,0
BRDA:318,42,1,0
BRDA:424,43,0,0
BRDA:424,43,1,0
BRDA:427,44,0,0
BRDA:427,44,1,0
BRDA:428,45,0,0
BRDA:428,45,1,0
BRDA:458,46,0,0
BRDA:458,46,1,0
BRF:93
BRH:0
end_of_record
TN:
SF:src/screens/LoginScreenDebug.js
FN:15,(anonymous_0)
FN:23,(anonymous_1)
FN:24,(anonymous_2)
FN:27,(anonymous_3)
FN:68,(anonymous_4)
FN:72,(anonymous_5)
FN:161,(anonymous_6)
FNF:7
FNH:0
FNDA:0,(anonymous_0)
FNDA:0,(anonymous_1)
FNDA:0,(anonymous_2)
FNDA:0,(anonymous_3)
FNDA:0,(anonymous_4)
FNDA:0,(anonymous_5)
FNDA:0,(anonymous_6)
DA:15,0
DA:16,0
DA:17,0
DA:18,0
DA:19,0
DA:21,0
DA:23,0
DA:24,0
DA:27,0
DA:28,0
DA:30,0
DA:31,0
DA:32,0
DA:33,0
DA:36,0
DA:37,0
DA:38,0
DA:39,0
DA:40,0
DA:41,0
DA:43,0
DA:44,0
DA:45,0
DA:46,0
DA:47,0
DA:48,0
DA:50,0
DA:51,0
DA:52,0
DA:54,0
DA:55,0
DA:56,0
DA:57,0
DA:58,0
DA:59,0
DA:62,0
DA:64,0
DA:68,0
DA:69,0
DA:72,0
DA:73,0
DA:75,0
DA:76,0
DA:78,0
DA:79,0
DA:81,0
DA:82,0
DA:83,0
DA:84,0
DA:85,0
DA:86,0
DA:88,0
DA:89,0
DA:90,0
DA:92,0
DA:96,0
DA:161,0
DA:183,0
LF:58
LH:0
BRDA:30,0,0,0
BRDA:30,0,1,0
BRDA:30,1,0,0
BRDA:30,1,1,0
BRDA:37,2,0,0
BRDA:37,2,1,0
BRDA:54,3,0,0
BRDA:54,3,1,0
BRDA:79,4,0,0
BRDA:79,4,1,0
BRDA:137,5,0,0
BRDA:137,5,1,0
BRDA:168,6,0,0
BRDA:168,6,1,0
BRF:14
BRH:0
end_of_record
TN:
SF:src/screens/admin/AddClassScreen.js
FN:13,(anonymous_0)
FN:46,(anonymous_1)
FN:58,(anonymous_2)
FN:75,(anonymous_3)
FN:81,(anonymous_4)
FN:89,(anonymous_5)
FN:97,(anonymous_6)
FN:102,(anonymous_7)
FN:106,(anonymous_8)
FN:120,(anonymous_9)
FN:133,(anonymous_10)
FN:139,(anonymous_11)
FN:144,(anonymous_12)
FN:148,(anonymous_13)
FN:155,(anonymous_14)
FN:195,(anonymous_15)
FN:234,(anonymous_16)
FN:246,(anonymous_17)
FN:247,(anonymous_18)
FN:254,(anonymous_19)
FN:261,(anonymous_20)
FN:262,(anonymous_21)
FN:283,(anonymous_22)
FN:297,(anonymous_23)
FN:301,(anonymous_24)
FN:316,(anonymous_25)
FN:320,(anonymous_26)
FN:335,(anonymous_27)
FN:346,(anonymous_28)
FN:361,(anonymous_29)
FN:365,(anonymous_30)
FN:379,(anonymous_31)
FN:390,(anonymous_32)
FN:406,(anonymous_33)
FN:418,(anonymous_34)
FN:436,(anonymous_35)
FN:457,(anonymous_36)
FN:457,(anonymous_37)
FNF:38
FNH:0
FNDA:0,(anonymous_0)
FNDA:0,(anonymous_1)
FNDA:0,(anonymous_2)
FNDA:0,(anonymous_3)
FNDA:0,(anonymous_4)
FNDA:0,(anonymous_5)
FNDA:0,(anonymous_6)
FNDA:0,(anonymous_7)
FNDA:0,(anonymous_8)
FNDA:0,(anonymous_9)
FNDA:0,(anonymous_10)
FNDA:0,(anonymous_11)
FNDA:0,(anonymous_12)
FNDA:0,(anonymous_13)
FNDA:0,(anonymous_14)
FNDA:0,(anonymous_15)
FNDA:0,(anonymous_16)
FNDA:0,(anonymous_17)
FNDA:0,(anonymous_18)
FNDA:0,(anonymous_19)
FNDA:0,(anonymous_20)
FNDA:0,(anonymous_21)
FNDA:0,(anonymous_22)
FNDA:0,(anonymous_23)
FNDA:0,(anonymous_24)
FNDA:0,(anonymous_25)
FNDA:0,(anonymous_26)
FNDA:0,(anonymous_27)
FNDA:0,(anonymous_28)
FNDA:0,(anonymous_29)
FNDA:0,(anonymous_30)
FNDA:0,(anonymous_31)
FNDA:0,(anonymous_32)
FNDA:0,(anonymous_33)
FNDA:0,(anonymous_34)
FNDA:0,(anonymous_35)
FNDA:0,(anonymous_36)
FNDA:0,(anonymous_37)
DA:13,0
DA:14,0
DA:15,0
DA:16,0
DA:17,0
DA:18,0
DA:21,0
DA:30,0
DA:43,0
DA:46,0
DA:47,0
DA:48,0
DA:58,0
DA:59,0
DA:60,0
DA:62,0
DA:63,0
DA:64,0
DA:65,0
DA:66,0
DA:67,0
DA:68,0
DA:69,0
DA:72,0
DA:75,0
DA:76,0
DA:77,0
DA:80,0
DA:81,0
DA:89,0
DA:90,0
DA:91,0
DA:94,0
DA:95,0
DA:96,0
DA:98,0
DA:103,0
DA:104,0
DA:106,0
DA:113,0
DA:117,0
DA:118,0
DA:119,0
DA:120,0
DA:127,0
DA:132,0
DA:133,0
DA:134,0
DA:135,0
DA:136,0
DA:139,0
DA:141,0
DA:144,0
DA:145,0
DA:146,0
DA:148,0
DA:149,0
DA:151,0
DA:155,0
DA:156,0
DA:158,0
DA:159,0
DA:163,0
DA:164,0
DA:167,0
DA:168,0
DA:171,0
DA:172,0
DA:175,0
DA:176,0
DA:179,0
DA:180,0
DA:183,0
DA:184,0
DA:187,0
DA:188,0
DA:191,0
DA:192,0
DA:195,0
DA:196,0
DA:197,0
DA:200,0
DA:201,0
DA:203,0
DA:223,0
DA:224,0
DA:225,0
DA:227,0
DA:234,0
DA:235,0
DA:239,0
DA:240,0
DA:242,0
DA:246,0
DA:247,0
DA:253,0
DA:254,0
DA:261,0
DA:262,0
DA:263,0
DA:264,0
DA:267,0
DA:283,0
DA:298,0
DA:301,0
DA:317,0
DA:320,0
DA:335,0
DA:346,0
DA:362,0
DA:365,0
DA:379,0
DA:390,0
DA:406,0
DA:418,0
DA:436,0
DA:457,0
DA:466,0
LF:118
LH:0
BRDA:47,0,0,0
BRDA:47,0,1,0
BRDA:47,1,0,0
BRDA:47,1,1,0
BRDA:63,2,0,0
BRDA:63,2,1,0
BRDA:66,3,0,0
BRDA:66,3,1,0
BRDA:68,4,0,0
BRDA:68,4,1,0
BRDA:68,5,0,0
BRDA:68,5,1,0
BRDA:80,6,0,0
BRDA:80,6,1,0
BRDA:80,7,0,0
BRDA:80,7,1,0
BRDA:84,8,0,0
BRDA:84,8,1,0
BRDA:84,8,2,0
BRDA:98,9,0,0
BRDA:98,9,1,0
BRDA:98,9,2,0
BRDA:103,10,0,0
BRDA:103,10,1,0
BRDA:104,11,0,0
BRDA:104,11,1,0
BRDA:108,12,0,0
BRDA:108,12,1,0
BRDA:108,12,2,0
BRDA:108,12,3,0
BRDA:108,12,4,0
BRDA:109,13,0,0
BRDA:109,13,1,0
BRDA:110,14,0,0
BRDA:110,14,1,0
BRDA:113,15,0,0
BRDA:113,15,1,0
BRDA:117,16,0,0
BRDA:117,16,1,0
BRDA:120,17,0,0
BRDA:120,17,1,0
BRDA:121,18,0,0
BRDA:121,18,1,0
BRDA:122,19,0,0
BRDA:122,19,1,0
BRDA:122,19,2,0
BRDA:122,19,3,0
BRDA:122,19,4,0
BRDA:123,20,0,0
BRDA:123,20,1,0
BRDA:127,21,0,0
BRDA:127,21,1,0
BRDA:134,22,0,0
BRDA:134,22,1,0
BRDA:135,23,0,0
BRDA:135,23,1,0
BRDA:139,24,0,0
BRDA:139,24,1,0
BRDA:139,25,0,0
BRDA:139,25,1,0
BRDA:148,26,0,0
BRDA:148,26,1,0
BRDA:148,27,0,0
BRDA:148,27,1,0
BRDA:158,28,0,0
BRDA:158,28,1,0
BRDA:163,29,0,0
BRDA:163,29,1,0
BRDA:163,30,0,0
BRDA:163,30,1,0
BRDA:167,31,0,0
BRDA:167,31,1,0
BRDA:171,32,0,0
BRDA:171,32,1,0
BRDA:171,33,0,0
BRDA:171,33,1,0
BRDA:171,33,2,0
BRDA:175,34,0,0
BRDA:175,34,1,0
BRDA:175,35,0,0
BRDA:175,35,1,0
BRDA:179,36,0,0
BRDA:179,36,1,0
BRDA:183,37,0,0
BRDA:183,37,1,0
BRDA:183,38,0,0
BRDA:183,38,1,0
BRDA:183,38,2,0
BRDA:187,39,0,0
BRDA:187,39,1,0
BRDA:196,40,0,0
BRDA:196,40,1,0
BRDA:209,41,0,0
BRDA:209,41,1,0
BRDA:210,42,0,0
BRDA:210,42,1,0
BRDA:210,42,2,0
BRDA:210,42,3,0
BRDA:253,43,0,0
BRDA:253,43,1,0
BRDA:264,44,0,0
BRDA:264,44,1,0
BRDA:288,45,0,0
BRDA:288,45,1,0
BRDA:294,46,0,0
BRDA:294,46,1,0
BRDA:303,47,0,0
BRDA:303,47,1,0
BRDA:309,48,0,0
BRDA:309,48,1,0
BRDA:322,49,0,0
BRDA:322,49,1,0
BRDA:328,50,0,0
BRDA:328,50,1,0
BRDA:352,51,0,0
BRDA:352,51,1,0
BRDA:358,52,0,0
BRDA:358,52,1,0
BRDA:367,53,0,0
BRDA:367,53,1,0
BRDA:373,54,0,0
BRDA:373,54,1,0
BRDA:381,55,0,0
BRDA:381,55,1,0
BRDA:395,56,0,0
BRDA:395,56,1,0
BRDA:396,57,0,0
BRDA:396,57,1,0
BRDA:412,58,0,0
BRDA:412,58,1,0
BRDA:447,59,0,0
BRDA:447,59,1,0
BRF:132
BRH:0
end_of_record
TN:
SF:src/screens/admin/AddStudentScreen.js
FN:26,(anonymous_0)
FN:55,(anonymous_1)
FN:63,(anonymous_2)
FN:64,(anonymous_3)
FN:67,(anonymous_4)
FN:109,(anonymous_5)
FN:147,(anonymous_6)
FN:186,(anonymous_7)
FN:187,(anonymous_8)
FN:194,(anonymous_9)
FN:200,(anonymous_10)
FN:215,(anonymous_11)
FN:248,(anonymous_12)
FN:259,(anonymous_13)
FN:272,(anonymous_14)
FN:284,(anonymous_15)
FN:296,(anonymous_16)
FN:310,(anonymous_17)
FN:321,(anonymous_18)
FN:336,(anonymous_19)
FN:348,(anonymous_20)
FN:361,(anonymous_21)
FN:379,(anonymous_22)
FNF:23
FNH:0
FNDA:0,(anonymous_0)
FNDA:0,(anonymous_1)
FNDA:0,(anonymous_2)
FNDA:0,(anonymous_3)
FNDA:0,(anonymous_4)
FNDA:0,(anonymous_5)
FNDA:0,(anonymous_6)
FNDA:0,(anonymous_7)
FNDA:0,(anonymous_8)
FNDA:0,(anonymous_9)
FNDA:0,(anonymous_10)
FNDA:0,(anonymous_11)
FNDA:0,(anonymous_12)
FNDA:0,(anonymous_13)
FNDA:0,(anonymous_14)
FNDA:0,(anonymous_15)
FNDA:0,(anonymous_16)
FNDA:0,(anonymous_17)
FNDA:0,(anonymous_18)
FNDA:0,(anonymous_19)
FNDA:0,(anonymous_20)
FNDA:0,(anonymous_21)
FNDA:0,(anonymous_22)
DA:26,0
DA:27,0
DA:28,0
DA:31,0
DA:36,0
DA:39,0
DA:53,0
DA:55,0
DA:56,0
DA:63,0
DA:64,0
DA:67,0
DA:68,0
DA:70,0
DA:71,0
DA:74,0
DA:75,0
DA:76,0
DA:77,0
DA:80,0
DA:81,0
DA:84,0
DA:85,0
DA:88,0
DA:89,0
DA:92,0
DA:93,0
DA:96,0
DA:97,0
DA:99,0
DA:100,0
DA:101,0
DA:103,0
DA:106,0
DA:109,0
DA:110,0
DA:111,0
DA:114,0
DA:115,0
DA:117,0
DA:138,0
DA:140,0
DA:141,0
DA:142,0
DA:144,0
DA:147,0
DA:148,0
DA:161,0
DA:162,0
DA:166,0
DA:168,0
DA:170,0
DA:171,0
DA:172,0
DA:173,0
DA:174,0
DA:175,0
DA:176,0
DA:177,0
DA:180,0
DA:182,0
DA:186,0
DA:187,0
DA:193,0
DA:194,0
DA:200,0
DA:201,0
DA:202,0
DA:207,0
DA:215,0
DA:248,0
DA:259,0
DA:272,0
DA:284,0
DA:296,0
DA:310,0
DA:321,0
DA:336,0
DA:348,0
DA:361,0
DA:379,0
DA:420,0
LF:82
LH:0
BRDA:55,0,0,0
BRDA:70,1,0,0
BRDA:70,1,1,0
BRDA:74,2,0,0
BRDA:74,2,1,0
BRDA:76,3,0,0
BRDA:76,3,1,0
BRDA:80,4,0,0
BRDA:80,4,1,0
BRDA:84,5,0,0
BRDA:84,5,1,0
BRDA:88,6,0,0
BRDA:88,6,1,0
BRDA:92,7,0,0
BRDA:92,7,1,0
BRDA:99,8,0,0
BRDA:99,8,1,0
BRDA:110,9,0,0
BRDA:110,9,1,0
BRDA:138,10,0,0
BRDA:138,10,1,0
BRDA:138,10,2,0
BRDA:170,11,0,0
BRDA:170,11,1,0
BRDA:172,12,0,0
BRDA:172,12,1,0
BRDA:174,13,0,0
BRDA:174,13,1,0
BRDA:176,14,0,0
BRDA:176,14,1,0
BRDA:193,15,0,0
BRDA:193,15,1,0
BRDA:200,16,0,0
BRDA:200,16,1,0
BRDA:201,17,0,0
BRDA:201,17,1,0
BRDA:225,18,0,0
BRDA:225,18,1,0
BRDA:254,19,0,0
BRDA:254,19,1,0
BRDA:267,20,0,0
BRDA:267,20,1,0
BRDA:279,21,0,0
BRDA:279,21,1,0
BRDA:291,22,0,0
BRDA:291,22,1,0
BRDA:316,23,0,0
BRDA:316,23,1,0
BRDA:328,24,0,0
BRDA:328,24,1,0
BRDA:403,25,0,0
BRDA:403,25,1,0
BRDA:406,26,0,0
BRDA:406,26,1,0
BRDA:407,27,0,0
BRDA:407,27,1,0
BRF:56
BRH:0
end_of_record
TN:
SF:src/screens/admin/AdminClasses.js
FN:25,(anonymous_0)
FN:36,(anonymous_1)
FN:42,(anonymous_2)
FN:47,(anonymous_3)
FN:51,(anonymous_4)
FN:60,(anonymous_5)
FN:96,(anonymous_6)
FN:101,(anonymous_7)
FN:111,(anonymous_8)
FN:114,(anonymous_9)
FN:117,(anonymous_10)
FN:120,(anonymous_11)
FN:123,(anonymous_12)
FN:132,(anonymous_13)
FN:137,(anonymous_14)
FN:154,(anonymous_15)
FN:176,(anonymous_16)
FN:193,(anonymous_17)
FN:202,(anonymous_18)
FN:205,(anonymous_19)
FN:205,(anonymous_20)
FN:206,(anonymous_21)
FN:206,(anonymous_22)
FN:222,(anonymous_23)
FN:228,(anonymous_24)
FN:247,(anonymous_25)
FN:255,(anonymous_26)
FN:280,(anonymous_27)
FN:284,(anonymous_28)
FN:292,(anonymous_29)
FN:293,(anonymous_30)
FN:294,(anonymous_31)
FN:296,(anonymous_32)
FN:297,(anonymous_33)
FN:298,(anonymous_34)
FN:310,(anonymous_35)
FN:323,(anonymous_36)
FN:327,(anonymous_37)
FN:331,(anonymous_38)
FN:332,(anonymous_39)
FN:410,(anonymous_40)
FN:421,(anonymous_41)
FN:432,(anonymous_42)
FN:473,(anonymous_43)
FN:480,(anonymous_44)
FN:487,(anonymous_45)
FNF:46
FNH:0
FNDA:0,(anonymous_0)
FNDA:0,(anonymous_1)
FNDA:0,(anonymous_2)
FNDA:0,(anonymous_3)
FNDA:0,(anonymous_4)
FNDA:0,(anonymous_5)
FNDA:0,(anonymous_6)
FNDA:0,(anonymous_7)
FNDA:0,(anonymous_8)
FNDA:0,(anonymous_9)
FNDA:0,(anonymous_10)
FNDA:0,(anonymous_11)
FNDA:0,(anonymous_12)
FNDA:0,(anonymous_13)
FNDA:0,(anonymous_14)
FNDA:0,(anonymous_15)
FNDA:0,(anonymous_16)
FNDA:0,(anonymous_17)
FNDA:0,(anonymous_18)
FNDA:0,(anonymous_19)
FNDA:0,(anonymous_20)
FNDA:0,(anonymous_21)
FNDA:0,(anonymous_22)
FNDA:0,(anonymous_23)
FNDA:0,(anonymous_24)
FNDA:0,(anonymous_25)
FNDA:0,(anonymous_26)
FNDA:0,(anonymous_27)
FNDA:0,(anonymous_28)
FNDA:0,(anonymous_29)
FNDA:0,(anonymous_30)
FNDA:0,(anonymous_31)
FNDA:0,(anonymous_32)
FNDA:0,(anonymous_33)
FNDA:0,(anonymous_34)
FNDA:0,(anonymous_35)
FNDA:0,(anonymous_36)
FNDA:0,(anonymous_37)
FNDA:0,(anonymous_38)
FNDA:0,(anonymous_39)
FNDA:0,(anonymous_40)
FNDA:0,(anonymous_41)
FNDA:0,(anonymous_42)
FNDA:0,(anonymous_43)
FNDA:0,(anonymous_44)
FNDA:0,(anonymous_45)
DA:25,0
DA:26,0
DA:27,0
DA:28,0
DA:29,0
DA:30,0
DA:31,0
DA:32,0
DA:33,0
DA:34,0
DA:36,0
DA:37,0
DA:41,0
DA:43,0
DA:47,0
DA:48,0
DA:51,0
DA:52,0
DA:53,0
DA:56,0
DA:59,0
DA:61,0
DA:63,0
DA:66,0
DA:69,0
DA:76,0
DA:86,0
DA:88,0
DA:89,0
DA:91,0
DA:92,0
DA:96,0
DA:97,0
DA:100,0
DA:101,0
DA:102,0
DA:109,0
DA:111,0
DA:112,0
DA:114,0
DA:115,0
DA:117,0
DA:118,0
DA:120,0
DA:121,0
DA:123,0
DA:124,0
DA:126,0
DA:129,0
DA:132,0
DA:133,0
DA:134,0
DA:137,0
DA:139,0
DA:140,0
DA:141,0
DA:142,0
DA:145,0
DA:146,0
DA:147,0
DA:148,0
DA:151,0
DA:154,0
DA:156,0
DA:157,0
DA:158,0
DA:159,0
DA:162,0
DA:163,0
DA:164,0
DA:165,0
DA:166,0
DA:168,0
DA:169,0
DA:170,0
DA:173,0
DA:176,0
DA:178,0
DA:179,0
DA:180,0
DA:181,0
DA:184,0
DA:185,0
DA:186,0
DA:187,0
DA:190,0
DA:193,0
DA:194,0
DA:203,0
DA:205,0
DA:206,0
DA:207,0
DA:209,0
DA:210,0
DA:213,0
DA:214,0
DA:222,0
DA:224,0
DA:225,0
DA:226,0
DA:227,0
DA:228,0
DA:229,0
DA:230,0
DA:231,0
DA:232,0
DA:235,0
DA:236,0
DA:238,0
DA:239,0
DA:241,0
DA:243,0
DA:247,0
DA:248,0
DA:249,0
DA:250,0
DA:251,0
DA:252,0
DA:255,0
DA:256,0
DA:264,0
DA:267,0
DA:280,0
DA:284,0
DA:292,0
DA:293,0
DA:294,0
DA:296,0
DA:297,0
DA:298,0
DA:311,0
DA:327,0
DA:331,0
DA:332,0
DA:410,0
DA:421,0
DA:432,0
DA:473,0
DA:480,0
DA:487,0
DA:507,0
LF:141
LH:0
BRDA:66,0,0,0
BRDA:66,0,1,0
BRDA:73,1,0,0
BRDA:73,1,1,0
BRDA:100,2,0,0
BRDA:100,2,1,0
BRDA:102,3,0,0
BRDA:102,3,1,0
BRDA:102,3,2,0
BRDA:109,4,0,0
BRDA:109,4,1,0
BRDA:109,4,2,0
BRDA:109,4,3,0
BRDA:109,4,4,0
BRDA:109,4,5,0
BRDA:117,5,0,0
BRDA:117,5,1,0
BRDA:139,6,0,0
BRDA:139,6,1,0
BRDA:140,7,0,0
BRDA:140,7,1,0
BRDA:140,8,0,0
BRDA:140,8,1,0
BRDA:145,9,0,0
BRDA:145,9,1,0
BRDA:146,10,0,0
BRDA:146,10,1,0
BRDA:146,11,0,0
BRDA:146,11,1,0
BRDA:156,12,0,0
BRDA:156,12,1,0
BRDA:157,13,0,0
BRDA:157,13,1,0
BRDA:157,14,0,0
BRDA:157,14,1,0
BRDA:162,15,0,0
BRDA:162,15,1,0
BRDA:163,16,0,0
BRDA:163,16,1,0
BRDA:163,17,0,0
BRDA:163,17,1,0
BRDA:164,18,0,0
BRDA:164,18,1,0
BRDA:164,19,0,0
BRDA:164,19,1,0
BRDA:168,20,0,0
BRDA:168,20,1,0
BRDA:168,21,0,0
BRDA:168,21,1,0
BRDA:178,22,0,0
BRDA:178,22,1,0
BRDA:179,23,0,0
BRDA:179,23,1,0
BRDA:179,24,0,0
BRDA:179,24,1,0
BRDA:184,25,0,0
BRDA:184,25,1,0
BRDA:185,26,0,0
BRDA:185,26,1,0
BRDA:185,27,0,0
BRDA:185,27,1,0
BRDA:226,28,0,0
BRDA:226,28,1,0
BRDA:226,29,0,0
BRDA:226,29,1,0
BRDA:229,30,0,0
BRDA:229,30,1,0
BRDA:230,31,0,0
BRDA:230,31,1,0
BRDA:231,32,0,0
BRDA:231,32,1,0
BRDA:235,33,0,0
BRDA:235,33,1,0
BRDA:235,34,0,0
BRDA:235,34,1,0
BRDA:238,35,0,0
BRDA:238,35,1,0
BRDA:238,36,0,0
BRDA:238,36,1,0
BRDA:248,37,0,0
BRDA:248,37,1,0
BRDA:250,38,0,0
BRDA:250,38,1,0
BRDA:251,39,0,0
BRDA:251,39,1,0
BRDA:264,40,0,0
BRDA:264,40,1,0
BRDA:309,41,0,0
BRDA:309,41,1,0
BRDA:311,42,0,0
BRDA:311,42,1,0
BRDA:357,43,0,0
BRDA:357,43,1,0
BRDA:361,44,0,0
BRDA:361,44,1,0
BRDA:374,45,0,0
BRDA:374,45,1,0
BRDA:377,46,0,0
BRDA:377,46,1,0
BRDA:381,47,0,0
BRDA:381,47,1,0
BRDA:384,48,0,0
BRDA:384,48,1,0
BRDA:384,49,0,0
BRDA:384,49,1,0
BRDA:394,50,0,0
BRDA:394,50,1,0
BRDA:450,51,0,0
BRDA:450,51,1,0
BRDA:460,52,0,0
BRDA:460,52,1,0
BRDA:480,53,0,0
BRDA:480,53,1,0
BRF:113
BRH:0
end_of_record
TN:
SF:src/screens/admin/AdminDashboard.js
FN:28,(anonymous_0)
FN:50,(anonymous_1)
FN:55,(anonymous_2)
FN:66,(anonymous_3)
FN:72,(anonymous_4)
FN:82,(anonymous_5)
FN:87,(anonymous_6)
FN:88,(anonymous_7)
FN:91,(anonymous_8)
FN:92,(anonymous_9)
FN:117,(anonymous_10)
FN:125,(anonymous_11)
FN:126,(anonymous_12)
FN:137,(anonymous_13)
FN:142,(anonymous_14)
FN:150,(anonymous_15)
FN:157,(anonymous_16)
FN:159,(anonymous_17)
FN:219,(anonymous_18)
FN:230,(anonymous_19)
FN:279,(anonymous_20)
FN:289,(anonymous_21)
FN:396,(anonymous_22)
FN:420,(anonymous_23)
FN:421,(anonymous_24)
FN:422,(anonymous_25)
FN:423,(anonymous_26)
FN:424,(anonymous_27)
FN:457,(anonymous_28)
FN:475,(anonymous_29)
FN:487,(anonymous_30)
FNF:31
FNH:0
FNDA:0,(anonymous_0)
FNDA:0,(anonymous_1)
FNDA:0,(anonymous_2)
FNDA:0,(anonymous_3)
FNDA:0,(anonymous_4)
FNDA:0,(anonymous_5)
FNDA:0,(anonymous_6)
FNDA:0,(anonymous_7)
FNDA:0,(anonymous_8)
FNDA:0,(anonymous_9)
FNDA:0,(anonymous_10)
FNDA:0,(anonymous_11)
FNDA:0,(anonymous_12)
FNDA:0,(anonymous_13)
FNDA:0,(anonymous_14)
FNDA:0,(anonymous_15)
FNDA:0,(anonymous_16)
FNDA:0,(anonymous_17)
FNDA:0,(anonymous_18)
FNDA:0,(anonymous_19)
FNDA:0,(anonymous_20)
FNDA:0,(anonymous_21)
FNDA:0,(anonymous_22)
FNDA:0,(anonymous_23)
FNDA:0,(anonymous_24)
FNDA:0,(anonymous_25)
FNDA:0,(anonymous_26)
FNDA:0,(anonymous_27)
FNDA:0,(anonymous_28)
FNDA:0,(anonymous_29)
FNDA:0,(anonymous_30)
DA:28,0
DA:29,0
DA:30,0
DA:31,0
DA:33,0
DA:43,0
DA:44,0
DA:45,0
DA:48,0
DA:50,0
DA:51,0
DA:52,0
DA:55,0
DA:56,0
DA:57,0
DA:66,0
DA:67,0
DA:68,0
DA:71,0
DA:72,0
DA:75,0
DA:78,0
DA:79,0
DA:80,0
DA:82,0
DA:83,0
DA:84,0
DA:87,0
DA:88,0
DA:90,0
DA:91,0
DA:92,0
DA:95,0
DA:116,0
DA:117,0
DA:125,0
DA:126,0
DA:130,0
DA:132,0
DA:133,0
DA:137,0
DA:138,0
DA:139,0
DA:142,0
DA:143,0
DA:144,0
DA:146,0
DA:150,0
DA:151,0
DA:157,0
DA:159,0
DA:160,0
DA:167,0
DA:170,0
DA:183,0
DA:184,0
DA:214,0
DA:219,0
DA:230,0
DA:279,0
DA:289,0
DA:396,0
DA:420,0
DA:421,0
DA:422,0
DA:423,0
DA:425,0
DA:458,0
DA:476,0
DA:525,0
LF:70
LH:0
BRDA:56,0,0,0
BRDA:56,0,1,0
BRDA:72,1,0,0
BRDA:72,1,1,0
BRDA:83,2,0,0
BRDA:83,2,1,0
BRDA:84,3,0,0
BRDA:84,3,1,0
BRDA:92,4,0,0
BRDA:92,4,1,0
BRDA:154,5,0,0
BRDA:154,5,1,0
BRDA:157,6,0,0
BRDA:157,6,1,0
BRDA:167,7,0,0
BRDA:167,7,1,0
BRDA:183,8,0,0
BRDA:183,8,1,0
BRDA:259,9,0,0
BRDA:259,9,1,0
BRDA:260,10,0,0
BRDA:260,10,1,0
BRDA:266,11,0,0
BRDA:266,11,1,0
BRDA:276,12,0,0
BRDA:276,12,1,0
BRDA:425,13,0,0
BRDA:425,13,1,0
BRDA:496,14,0,0
BRDA:496,14,1,0
BRDA:496,14,2,0
BRDA:506,15,0,0
BRDA:506,15,1,0
BRDA:512,16,0,0
BRDA:512,16,1,0
BRDA:693,17,0,0
BRDA:693,17,1,0
BRF:37
BRH:0
end_of_record
TN:
SF:src/screens/admin/AdminDashboardSimple.js
FN:5,(anonymous_0)
FNF:1
FNH:0
FNDA:0,(anonymous_0)
DA:5,0
DA:6,0
DA:8,0
DA:19,0
LF:4
LH:0
BRF:0
BRH:0
end_of_record
TN:
SF:src/screens/admin/AdminModalities.js
FN:25,(anonymous_0)
FN:59,(anonymous_1)
FN:74,(anonymous_2)
FN:138,(anonymous_3)
FN:144,(anonymous_4)
FN:175,(anonymous_5)
FN:181,(anonymous_6)
FN:204,(anonymous_7)
FN:209,(anonymous_8)
FN:217,(anonymous_9)
FN:253,(anonymous_10)
FN:255,(anonymous_11)
FN:262,(anonymous_12)
FN:266,(anonymous_13)
FN:290,(anonymous_14)
FN:290,(anonymous_15)
FN:303,(anonymous_16)
FN:312,(anonymous_17)
FN:349,(anonymous_18)
FN:360,(anonymous_19)
FN:383,(anonymous_20)
FN:388,(anonymous_21)
FN:395,(anonymous_22)
FN:399,(anonymous_23)
FN:420,(anonymous_24)
FN:420,(anonymous_25)
FN:429,(anonymous_26)
FN:438,(anonymous_27)
FN:478,(anonymous_28)
FN:489,(anonymous_29)
FN:512,(anonymous_30)
FN:517,(anonymous_31)
FN:524,(anonymous_32)
FN:528,(anonymous_33)
FN:545,(anonymous_34)
FN:545,(anonymous_35)
FN:554,(anonymous_36)
FN:562,(anonymous_37)
FN:569,(anonymous_38)
FN:600,(anonymous_39)
FN:609,(anonymous_40)
FN:614,(anonymous_41)
FN:615,(anonymous_42)
FN:619,(anonymous_43)
FN:628,(anonymous_44)
FN:662,(anonymous_45)
FN:671,(anonymous_46)
FN:676,(anonymous_47)
FN:677,(anonymous_48)
FN:681,(anonymous_49)
FN:690,(anonymous_50)
FN:721,(anonymous_51)
FN:730,(anonymous_52)
FN:735,(anonymous_53)
FN:736,(anonymous_54)
FN:740,(anonymous_55)
FN:749,(anonymous_56)
FN:803,(anonymous_57)
FN:813,(anonymous_58)
FN:820,(anonymous_59)
FN:828,(anonymous_60)
FN:840,(anonymous_61)
FN:850,(anonymous_62)
FN:857,(anonymous_63)
FN:865,(anonymous_64)
FN:873,(anonymous_65)
FN:881,(anonymous_66)
FN:893,(anonymous_67)
FN:903,(anonymous_68)
FN:910,(anonymous_69)
FN:919,(anonymous_70)
FN:929,(anonymous_71)
FN:936,(anonymous_72)
FN:943,(anonymous_73)
FN:951,(anonymous_74)
FNF:75
FNH:0
FNDA:0,(anonymous_0)
FNDA:0,(anonymous_1)
FNDA:0,(anonymous_2)
FNDA:0,(anonymous_3)
FNDA:0,(anonymous_4)
FNDA:0,(anonymous_5)
FNDA:0,(anonymous_6)
FNDA:0,(anonymous_7)
FNDA:0,(anonymous_8)
FNDA:0,(anonymous_9)
FNDA:0,(anonymous_10)
FNDA:0,(anonymous_11)
FNDA:0,(anonymous_12)
FNDA:0,(anonymous_13)
FNDA:0,(anonymous_14)
FNDA:0,(anonymous_15)
FNDA:0,(anonymous_16)
FNDA:0,(anonymous_17)
FNDA:0,(anonymous_18)
FNDA:0,(anonymous_19)
FNDA:0,(anonymous_20)
FNDA:0,(anonymous_21)
FNDA:0,(anonymous_22)
FNDA:0,(anonymous_23)
FNDA:0,(anonymous_24)
FNDA:0,(anonymous_25)
FNDA:0,(anonymous_26)
FNDA:0,(anonymous_27)
FNDA:0,(anonymous_28)
FNDA:0,(anonymous_29)
FNDA:0,(anonymous_30)
FNDA:0,(anonymous_31)
FNDA:0,(anonymous_32)
FNDA:0,(anonymous_33)
FNDA:0,(anonymous_34)
FNDA:0,(anonymous_35)
FNDA:0,(anonymous_36)
FNDA:0,(anonymous_37)
FNDA:0,(anonymous_38)
FNDA:0,(anonymous_39)
FNDA:0,(anonymous_40)
FNDA:0,(anonymous_41)
FNDA:0,(anonymous_42)
FNDA:0,(anonymous_43)
FNDA:0,(anonymous_44)
FNDA:0,(anonymous_45)
FNDA:0,(anonymous_46)
FNDA:0,(anonymous_47)
FNDA:0,(anonymous_48)
FNDA:0,(anonymous_49)
FNDA:0,(anonymous_50)
FNDA:0,(anonymous_51)
FNDA:0,(anonymous_52)
FNDA:0,(anonymous_53)
FNDA:0,(anonymous_54)
FNDA:0,(anonymous_55)
FNDA:0,(anonymous_56)
FNDA:0,(anonymous_57)
FNDA:0,(anonymous_58)
FNDA:0,(anonymous_59)
FNDA:0,(anonymous_60)
FNDA:0,(anonymous_61)
FNDA:0,(anonymous_62)
FNDA:0,(anonymous_63)
FNDA:0,(anonymous_64)
FNDA:0,(anonymous_65)
FNDA:0,(anonymous_66)
FNDA:0,(anonymous_67)
FNDA:0,(anonymous_68)
FNDA:0,(anonymous_69)
FNDA:0,(anonymous_70)
FNDA:0,(anonymous_71)
FNDA:0,(anonymous_72)
FNDA:0,(anonymous_73)
FNDA:0,(anonymous_74)
DA:25,0
DA:26,0
DA:27,0
DA:28,0
DA:29,0
DA:30,0
DA:31,0
DA:32,0
DA:33,0
DA:34,0
DA:35,0
DA:36,0
DA:37,0
DA:40,0
DA:41,0
DA:42,0
DA:45,0
DA:46,0
DA:47,0
DA:50,0
DA:51,0
DA:52,0
DA:59,0
DA:61,0
DA:62,0
DA:63,0
DA:64,0
DA:65,0
DA:66,0
DA:67,0
DA:68,0
DA:69,0
DA:71,0
DA:74,0
DA:75,0
DA:76,0
DA:77,0
DA:80,0
DA:81,0
DA:82,0
DA:83,0
DA:87,0
DA:88,0
DA:89,0
DA:91,0
DA:92,0
DA:93,0
DA:94,0
DA:96,0
DA:97,0
DA:100,0
DA:101,0
DA:102,0
DA:103,0
DA:105,0
DA:106,0
DA:109,0
DA:110,0
DA:111,0
DA:112,0
DA:114,0
DA:115,0
DA:119,0
DA:120,0
DA:121,0
DA:123,0
DA:125,0
DA:128,0
DA:129,0
DA:130,0
DA:132,0
DA:133,0
DA:134,0
DA:138,0
DA:139,0
DA:140,0
DA:144,0
DA:145,0
DA:146,0
DA:147,0
DA:150,0
DA:151,0
DA:152,0
DA:153,0
DA:156,0
DA:158,0
DA:159,0
DA:162,0
DA:163,0
DA:166,0
DA:167,0
DA:168,0
DA:169,0
DA:171,0
DA:175,0
DA:176,0
DA:177,0
DA:178,0
DA:181,0
DA:182,0
DA:185,0
DA:186,0
DA:187,0
DA:189,0
DA:190,0
DA:191,0
DA:193,0
DA:196,0
DA:197,0
DA:204,0
DA:209,0
DA:217,0
DA:218,0
DA:220,0
DA:221,0
DA:222,0
DA:223,0
DA:233,0
DA:236,0
DA:237,0
DA:238,0
DA:252,0
DA:253,0
DA:254,0
DA:255,0
DA:258,0
DA:262,0
DA:263,0
DA:266,0
DA:268,0
DA:269,0
DA:270,0
DA:271,0
DA:272,0
DA:273,0
DA:274,0
DA:275,0
DA:277,0
DA:278,0
DA:281,0
DA:282,0
DA:285,0
DA:286,0
DA:287,0
DA:290,0
DA:291,0
DA:293,0
DA:295,0
DA:296,0
DA:297,0
DA:298,0
DA:300,0
DA:303,0
DA:304,0
DA:305,0
DA:306,0
DA:312,0
DA:313,0
DA:314,0
DA:315,0
DA:318,0
DA:319,0
DA:320,0
DA:321,0
DA:324,0
DA:330,0
DA:332,0
DA:333,0
DA:336,0
DA:337,0
DA:340,0
DA:341,0
DA:342,0
DA:343,0
DA:345,0
DA:349,0
DA:350,0
DA:351,0
DA:357,0
DA:360,0
DA:361,0
DA:364,0
DA:365,0
DA:366,0
DA:368,0
DA:369,0
DA:370,0
DA:372,0
DA:375,0
DA:376,0
DA:383,0
DA:388,0
DA:395,0
DA:396,0
DA:399,0
DA:401,0
DA:402,0
DA:403,0
DA:404,0
DA:405,0
DA:407,0
DA:408,0
DA:411,0
DA:412,0
DA:415,0
DA:416,0
DA:417,0
DA:420,0
DA:421,0
DA:423,0
DA:425,0
DA:426,0
DA:429,0
DA:430,0
DA:431,0
DA:432,0
DA:438,0
DA:439,0
DA:440,0
DA:441,0
DA:444,0
DA:445,0
DA:446,0
DA:447,0
DA:450,0
DA:459,0
DA:461,0
DA:462,0
DA:465,0
DA:466,0
DA:469,0
DA:470,0
DA:471,0
DA:472,0
DA:474,0
DA:478,0
DA:479,0
DA:480,0
DA:486,0
DA:489,0
DA:490,0
DA:493,0
DA:494,0
DA:495,0
DA:497,0
DA:498,0
DA:499,0
DA:501,0
DA:504,0
DA:505,0
DA:512,0
DA:517,0
DA:524,0
DA:525,0
DA:528,0
DA:530,0
DA:531,0
DA:532,0
DA:533,0
DA:534,0
DA:536,0
DA:537,0
DA:540,0
DA:541,0
DA:542,0
DA:545,0
DA:546,0
DA:548,0
DA:550,0
DA:551,0
DA:554,0
DA:555,0
DA:556,0
DA:557,0
DA:562,0
DA:563,0
DA:569,0
DA:570,0
DA:571,0
DA:574,0
DA:575,0
DA:584,0
DA:600,0
DA:610,0
DA:614,0
DA:616,0
DA:619,0
DA:629,0
DA:630,0
DA:662,0
DA:672,0
DA:676,0
DA:678,0
DA:681,0
DA:690,0
DA:721,0
DA:731,0
DA:735,0
DA:737,0
DA:740,0
DA:749,0
DA:804,0
DA:805,0
DA:806,0
DA:813,0
DA:820,0
DA:829,0
DA:830,0
DA:831,0
DA:841,0
DA:842,0
DA:843,0
DA:850,0
DA:857,0
DA:865,0
DA:873,0
DA:882,0
DA:883,0
DA:884,0
DA:894,0
DA:895,0
DA:896,0
DA:903,0
DA:910,0
DA:919,0
DA:929,0
DA:936,0
DA:943,0
DA:952,0
DA:953,0
DA:954,0
DA:966,0
LF:332
LH:0
BRDA:80,0,0,0
BRDA:80,0,1,0
BRDA:94,1,0,0
BRDA:94,1,1,0
BRDA:103,2,0,0
BRDA:103,2,1,0
BRDA:112,3,0,0
BRDA:112,3,1,0
BRDA:119,4,0,0
BRDA:119,4,1,0
BRDA:120,5,0,0
BRDA:120,5,1,0
BRDA:121,6,0,0
BRDA:121,6,1,0
BRDA:145,7,0,0
BRDA:145,7,1,0
BRDA:151,8,0,0
BRDA:151,8,1,0
BRDA:156,9,0,0
BRDA:156,9,1,0
BRDA:171,10,0,0
BRDA:171,10,1,0
BRDA:177,11,0,0
BRDA:177,11,1,0
BRDA:185,12,0,0
BRDA:185,12,1,0
BRDA:189,13,0,0
BRDA:189,13,1,0
BRDA:217,14,0,0
BRDA:218,15,0,0
BRDA:218,15,1,0
BRDA:220,16,0,0
BRDA:220,16,1,0
BRDA:242,17,0,0
BRDA:242,17,1,0
BRDA:256,18,0,0
BRDA:256,18,1,0
BRDA:258,19,0,0
BRDA:258,19,1,0
BRDA:277,20,0,0
BRDA:277,20,1,0
BRDA:281,21,0,0
BRDA:281,21,1,0
BRDA:313,22,0,0
BRDA:313,22,1,0
BRDA:313,23,0,0
BRDA:313,23,1,0
BRDA:319,24,0,0
BRDA:319,24,1,0
BRDA:327,25,0,0
BRDA:327,25,1,0
BRDA:330,26,0,0
BRDA:330,26,1,0
BRDA:345,27,0,0
BRDA:345,27,1,0
BRDA:355,28,0,0
BRDA:355,28,1,0
BRDA:364,29,0,0
BRDA:364,29,1,0
BRDA:368,30,0,0
BRDA:368,30,1,0
BRDA:407,31,0,0
BRDA:407,31,1,0
BRDA:411,32,0,0
BRDA:411,32,1,0
BRDA:439,33,0,0
BRDA:439,33,1,0
BRDA:439,34,0,0
BRDA:439,34,1,0
BRDA:445,35,0,0
BRDA:445,35,1,0
BRDA:452,36,0,0
BRDA:452,36,1,0
BRDA:455,37,0,0
BRDA:455,37,1,0
BRDA:456,38,0,0
BRDA:456,38,1,0
BRDA:459,39,0,0
BRDA:459,39,1,0
BRDA:474,40,0,0
BRDA:474,40,1,0
BRDA:483,41,0,0
BRDA:483,41,1,0
BRDA:484,42,0,0
BRDA:484,42,1,0
BRDA:493,43,0,0
BRDA:493,43,1,0
BRDA:497,44,0,0
BRDA:497,44,1,0
BRDA:536,45,0,0
BRDA:536,45,1,0
BRDA:566,46,0,0
BRDA:566,46,1,0
BRDA:570,47,0,0
BRDA:570,47,1,0
BRDA:571,48,0,0
BRDA:571,48,1,0
BRDA:574,49,0,0
BRDA:574,49,1,0
BRDA:608,50,0,0
BRDA:608,50,1,0
BRDA:610,51,0,0
BRDA:610,51,1,0
BRDA:613,52,0,0
BRDA:613,52,1,0
BRDA:632,53,0,0
BRDA:632,53,1,0
BRDA:633,54,0,0
BRDA:633,54,1,0
BRDA:638,55,0,0
BRDA:638,55,1,0
BRDA:643,56,0,0
BRDA:643,56,1,0
BRDA:670,57,0,0
BRDA:670,57,1,0
BRDA:672,58,0,0
BRDA:672,58,1,0
BRDA:675,59,0,0
BRDA:675,59,1,0
BRDA:675,60,0,0
BRDA:675,60,1,0
BRDA:691,61,0,0
BRDA:691,61,1,0
BRDA:692,62,0,0
BRDA:692,62,1,0
BRDA:697,63,0,0
BRDA:697,63,1,0
BRDA:702,64,0,0
BRDA:702,64,1,0
BRDA:729,65,0,0
BRDA:729,65,1,0
BRDA:731,66,0,0
BRDA:731,66,1,0
BRDA:734,67,0,0
BRDA:734,67,1,0
BRDA:750,68,0,0
BRDA:750,68,1,0
BRDA:751,69,0,0
BRDA:751,69,1,0
BRDA:756,70,0,0
BRDA:756,70,1,0
BRDA:764,71,0,0
BRDA:764,71,1,0
BRDA:808,72,0,0
BRDA:808,72,1,0
BRDA:834,73,0,0
BRDA:834,73,1,0
BRDA:845,74,0,0
BRDA:845,74,1,0
BRDA:887,75,0,0
BRDA:887,75,1,0
BRDA:898,76,0,0
BRDA:898,76,1,0
BRDA:957,77,0,0
BRDA:957,77,1,0
BRF:155
BRH:0
end_of_record
TN:
SF:src/screens/admin/AdminStudents.js
FN:25,(anonymous_0)
FN:37,(anonymous_1)
FN:41,(anonymous_2)
FN:45,(anonymous_3)
FN:51,(anonymous_4)
FN:55,(anonymous_5)
FN:85,(anonymous_6)
FN:90,(anonymous_7)
FN:100,(anonymous_8)
FN:103,(anonymous_9)
FN:106,(anonymous_10)
FN:109,(anonymous_11)
FN:112,(anonymous_12)
FN:121,(anonymous_13)
FN:126,(anonymous_14)
FN:130,(anonymous_15)
FN:134,(anonymous_16)
FN:138,(anonymous_17)
FN:143,(anonymous_18)
FN:152,(anonymous_19)
FN:166,(anonymous_20)
FN:175,(anonymous_21)
FN:184,(anonymous_22)
FN:209,(anonymous_23)
FN:213,(anonymous_24)
FN:221,(anonymous_25)
FN:222,(anonymous_26)
FN:223,(anonymous_27)
FN:225,(anonymous_28)
FN:226,(anonymous_29)
FN:227,(anonymous_30)
FN:239,(anonymous_31)
FN:258,(anonymous_32)
FN:262,(anonymous_33)
FN:266,(anonymous_34)
FN:267,(anonymous_35)
FN:333,(anonymous_36)
FN:344,(anonymous_37)
FN:355,(anonymous_38)
FN:369,(anonymous_39)
FN:410,(anonymous_40)
FN:417,(anonymous_41)
FN:424,(anonymous_42)
FN:444,(anonymous_43)
FN:449,(anonymous_44)
FNF:45
FNH:0
FNDA:0,(anonymous_0)
FNDA:0,(anonymous_1)
FNDA:0,(anonymous_2)
FNDA:0,(anonymous_3)
FNDA:0,(anonymous_4)
FNDA:0,(anonymous_5)
FNDA:0,(anonymous_6)
FNDA:0,(anonymous_7)
FNDA:0,(anonymous_8)
FNDA:0,(anonymous_9)
FNDA:0,(anonymous_10)
FNDA:0,(anonymous_11)
FNDA:0,(anonymous_12)
FNDA:0,(anonymous_13)
FNDA:0,(anonymous_14)
FNDA:0,(anonymous_15)
FNDA:0,(anonymous_16)
FNDA:0,(anonymous_17)
FNDA:0,(anonymous_18)
FNDA:0,(anonymous_19)
FNDA:0,(anonymous_20)
FNDA:0,(anonymous_21)
FNDA:0,(anonymous_22)
FNDA:0,(anonymous_23)
FNDA:0,(anonymous_24)
FNDA:0,(anonymous_25)
FNDA:0,(anonymous_26)
FNDA:0,(anonymous_27)
FNDA:0,(anonymous_28)
FNDA:0,(anonymous_29)
FNDA:0,(anonymous_30)
FNDA:0,(anonymous_31)
FNDA:0,(anonymous_32)
FNDA:0,(anonymous_33)
FNDA:0,(anonymous_34)
FNDA:0,(anonymous_35)
FNDA:0,(anonymous_36)
FNDA:0,(anonymous_37)
FNDA:0,(anonymous_38)
FNDA:0,(anonymous_39)
FNDA:0,(anonymous_40)
FNDA:0,(anonymous_41)
FNDA:0,(anonymous_42)
FNDA:0,(anonymous_43)
FNDA:0,(anonymous_44)
DA:25,0
DA:26,0
DA:27,0
DA:28,0
DA:29,0
DA:30,0
DA:31,0
DA:32,0
DA:33,0
DA:34,0
DA:35,0
DA:37,0
DA:38,0
DA:41,0
DA:42,0
DA:45,0
DA:46,0
DA:47,0
DA:50,0
DA:51,0
DA:54,0
DA:56,0
DA:57,0
DA:58,0
DA:59,0
DA:66,0
DA:75,0
DA:77,0
DA:78,0
DA:80,0
DA:81,0
DA:85,0
DA:86,0
DA:89,0
DA:90,0
DA:91,0
DA:98,0
DA:100,0
DA:101,0
DA:103,0
DA:104,0
DA:106,0
DA:107,0
DA:109,0
DA:110,0
DA:112,0
DA:113,0
DA:115,0
DA:118,0
DA:121,0
DA:122,0
DA:123,0
DA:126,0
DA:127,0
DA:130,0
DA:131,0
DA:134,0
DA:135,0
DA:138,0
DA:139,0
DA:140,0
DA:143,0
DA:144,0
DA:153,0
DA:154,0
DA:155,0
DA:156,0
DA:158,0
DA:166,0
DA:167,0
DA:168,0
DA:169,0
DA:170,0
DA:171,0
DA:175,0
DA:176,0
DA:177,0
DA:178,0
DA:179,0
DA:180,0
DA:184,0
DA:185,0
DA:193,0
DA:196,0
DA:209,0
DA:213,0
DA:221,0
DA:222,0
DA:223,0
DA:225,0
DA:226,0
DA:227,0
DA:240,0
DA:262,0
DA:266,0
DA:267,0
DA:333,0
DA:344,0
DA:355,0
DA:369,0
DA:410,0
DA:417,0
DA:424,0
DA:445,0
DA:446,0
DA:450,0
DA:451,0
DA:452,0
DA:459,0
LF:109
LH:0
BRDA:61,0,0,0
BRDA:61,0,1,0
BRDA:89,1,0,0
[...]
BRH:0
end_of_record
TN:
SF:src/utils/academyValidation.js
FN:13,(anonymous_0)
FN:21,(anonymous_1)
FN:27,(anonymous_2)
FN:51,(anonymous_3)
FN:77,(anonymous_4)
FN:90,(anonymous_5)
FN:103,(anonymous_6)
FN:106,(anonymous_7)
FN:125,(anonymous_8)
FN:153,(anonymous_9)
FN:181,(anonymous_10)
FN:205,(anonymous_11)
FN:238,(anonymous_12)
FN:291,(anonymous_13)
FN:292,(anonymous_14)
FN:295,(anonymous_15)
FN:330,(anonymous_16)
FN:341,(anonymous_17)
FN:357,(anonymous_18)
FN:385,(anonymous_19)
FN:411,(anonymous_20)
FN:428,(anonymous_21)
FN:437,(anonymous_22)
FN:438,(anonymous_23)
FN:440,(anonymous_24)
FN:471,(anonymous_25)
FNF:26
FNH:0
FNDA:0,(anonymous_0)
FNDA:0,(anonymous_1)
FNDA:0,(anonymous_2)
FNDA:0,(anonymous_3)
FNDA:0,(anonymous_4)
FNDA:0,(anonymous_5)
FNDA:0,(anonymous_6)
FNDA:0,(anonymous_7)
FNDA:0,(anonymous_8)
FNDA:0,(anonymous_9)
FNDA:0,(anonymous_10)
FNDA:0,(anonymous_11)
FNDA:0,(anonymous_12)
FNDA:0,(anonymous_13)
FNDA:0,(anonymous_14)
FNDA:0,(anonymous_15)
FNDA:0,(anonymous_16)
FNDA:0,(anonymous_17)
FNDA:0,(anonymous_18)
FNDA:0,(anonymous_19)
FNDA:0,(anonymous_20)
FNDA:0,(anonymous_21)
FNDA:0,(anonymous_22)
FNDA:0,(anonymous_23)
FNDA:0,(anonymous_24)
FNDA:0,(anonymous_25)
DA:14,0
DA:15,0
DA:16,0
DA:22,0
DA:28,0
DA:35,0
DA:47,0
DA:52,0
DA:53,0
DA:56,0
DA:58,0
DA:64,0
DA:65,0
DA:71,0
DA:78,0
DA:79,0
DA:84,0
DA:91,0
DA:92,0
DA:97,0
DA:104,0
DA:105,0
DA:106,0
DA:108,0
DA:109,0
DA:114,0
DA:121,0
DA:126,0
DA:127,0
DA:128,0
DA:129,0
DA:133,0
DA:134,0
DA:138,0
DA:139,0
DA:140,0
DA:143,0
DA:145,0
DA:146,0
DA:154,0
DA:155,0
DA:156,0
DA:157,0
DA:161,0
DA:162,0
DA:166,0
DA:167,0
DA:168,0
DA:171,0
DA:173,0
DA:174,0
DA:182,0
DA:183,0
DA:184,0
DA:185,0
DA:188,0
DA:197,0
DA:198,0
DA:206,0
DA:207,0
DA:208,0
DA:211,0
DA:212,0
DA:213,0
DA:214,0
DA:215,0
DA:217,0
DA:218,0
DA:219,0
DA:223,0
DA:225,0
DA:226,0
DA:234,0
DA:243,0
DA:245,0
DA:247,0
DA:248,0
DA:251,0
DA:254,0
DA:255,0
DA:256,0
DA:260,0
DA:261,0
DA:265,0
DA:266,0
DA:267,0
DA:271,0
DA:272,0
DA:273,0
DA:274,0
DA:278,0
DA:281,0
DA:282,0
DA:284,0
DA:292,0
DA:293,0
DA:295,0
DA:297,0
DA:299,0
DA:301,0
DA:307,0
DA:310,0
DA:313,0
DA:314,0
DA:318,0
DA:326,0
DA:331,0
DA:332,0
DA:334,0
DA:342,0
DA:343,0
DA:346,0
DA:347,0
DA:348,0
DA:351,0
DA:358,0
DA:359,0
DA:361,0
DA:372,0
DA:373,0
DA:386,0
DA:387,0
DA:389,0
DA:394,0
DA:400,0
DA:412,0
DA:415,0
DA:421,0
DA:428,0
DA:429,0
DA:437,0
DA:438,0
DA:439,0
DA:440,0
DA:442,0
DA:443,0
DA:448,0
DA:457,0
DA:468,0
DA:471,0
DA:472,0
DA:475,0
DA:478,0
LF:143
LH:0
BRDA:13,0,0,0
BRDA:21,1,0,0
BRDA:27,2,0,0
BRDA:52,3,0,0
BRDA:52,3,1,0
BRDA:52,4,0,0
BRDA:52,4,1,0
BRDA:56,5,0,0
BRDA:56,5,1,0
BRDA:56,6,0,0
BRDA:56,6,1,0
BRDA:64,7,0,0
BRDA:64,7,1,0
BRDA:78,8,0,0
BRDA:78,8,1,0
BRDA:78,9,0,0
BRDA:78,9,1,0
BRDA:91,10,0,0
BRDA:91,10,1,0
BRDA:105,11,0,0
BRDA:105,11,1,0
BRDA:106,12,0,0
BRDA:106,12,1,0
BRDA:108,13,0,0
BRDA:108,13,1,0
BRDA:128,14,0,0
BRDA:128,14,1,0
BRDA:133,15,0,0
BRDA:133,15,1,0
BRDA:138,16,0,0
BRDA:138,16,1,0
BRDA:139,17,0,0
BRDA:139,17,1,0
BRDA:156,18,0,0
BRDA:156,18,1,0
BRDA:161,19,0,0
BRDA:161,19,1,0
BRDA:166,20,0,0
BRDA:166,20,1,0
BRDA:167,21,0,0
BRDA:167,21,1,0
BRDA:184,22,0,0
BRDA:184,22,1,0
BRDA:208,23,0,0
BRDA:208,23,1,0
BRDA:212,24,0,0
BRDA:212,24,1,0
BRDA:217,25,0,0
BRDA:217,25,1,0
BRDA:238,26,0,0
BRDA:240,27,0,0
BRDA:241,28,0,0
BRDA:242,29,0,0
BRDA:247,30,0,0
BRDA:247,30,1,0
BRDA:255,31,0,0
BRDA:255,31,1,0
BRDA:260,32,0,0
BRDA:260,32,1,0
BRDA:260,33,0,0
BRDA:260,33,1,0
BRDA:266,34,0,0
BRDA:266,34,1,0
BRDA:271,35,0,0
BRDA:271,35,1,0
BRDA:273,36,0,0
BRDA:273,36,1,0
BRDA:281,37,0,0
BRDA:281,37,1,0
BRDA:291,38,0,0
BRDA:342,39,0,0
BRDA:342,39,1,0
BRDA:347,40,0,0
BRDA:347,40,1,0
BRDA:357,41,0,0
BRDA:385,42,0,0
BRDA:385,43,0,0
BRDA:387,44,0,0
BRDA:387,44,1,0
BRDA:396,45,0,0
BRDA:396,45,1,0
BRDA:397,46,0,0
BRDA:397,46,1,0
BRDA:411,47,0,0
BRDA:428,48,0,0
BRF:85
BRH:0
end_of_record
TN:
SF:src/utils/animations.js
FN:34,(anonymous_0)
FN:40,(anonymous_1)
FN:85,(anonymous_2)
FN:127,(anonymous_3)
FN:139,(anonymous_4)
FN:153,(anonymous_5)
FN:166,(anonymous_6)
FN:174,(anonymous_7)
FN:183,(anonymous_8)
FN:199,(anonymous_9)
FN:209,(anonymous_10)
FN:227,(anonymous_11)
FN:239,(anonymous_12)
FN:247,(anonymous_13)
FN:258,(anonymous_14)
FNF:15
FNH:0
FNDA:0,(anonymous_0)
FNDA:0,(anonymous_1)
FNDA:0,(anonymous_2)
FNDA:0,(anonymous_3)
FNDA:0,(anonymous_4)
FNDA:0,(anonymous_5)
FNDA:0,(anonymous_6)
FNDA:0,(anonymous_7)
FNDA:0,(anonymous_8)
FNDA:0,(anonymous_9)
FNDA:0,(anonymous_10)
FNDA:0,(anonymous_11)
FNDA:0,(anonymous_12)
FNDA:0,(anonymous_13)
FNDA:0,(anonymous_14)
DA:6,0
DA:25,0
DA:26,0
DA:35,0
DA:36,0
DA:41,0
DA:42,0
DA:43,0
DA:85,0
DA:89,0
DA:127,0
DA:131,0
DA:139,0
DA:145,0
DA:153,0
DA:158,0
DA:166,0
DA:167,0
DA:174,0
DA:175,0
DA:183,0
DA:184,0
DA:199,0
DA:200,0
DA:209,0
DA:210,0
DA:227,0
DA:228,0
DA:239,0
DA:240,0
DA:247,0
DA:248,0
DA:249,0
DA:250,0
DA:252,0
DA:258,0
DA:259,0
DA:266,0
DA:273,0
LF:39
LH:0
BRDA:9,0,0,0
BRDA:9,0,1,0
BRDA:14,1,0,0
BRDA:14,1,1,0
BRDA:15,2,0,0
BRDA:15,2,1,0
BRDA:19,3,0,0
BRDA:19,3,1,0
BRDA:41,4,0,0
BRDA:41,4,1,0
BRDA:42,5,0,0
BRDA:42,5,1,0
BRDA:48,6,0,0
BRDA:48,6,1,0
BRDA:49,7,0,0
BRDA:49,7,1,0
BRDA:50,8,0,0
BRDA:50,8,1,0
BRDA:51,9,0,0
BRDA:51,9,1,0
BRDA:52,10,0,0
BRDA:52,10,1,0
BRDA:57,11,0,0
BRDA:57,11,1,0
BRDA:58,12,0,0
BRDA:58,12,1,0
BRDA:59,13,0,0
BRDA:59,13,1,0
BRDA:60,14,0,0
BRDA:60,14,1,0
BRDA:64,15,0,0
BRDA:64,15,1,0
BRDA:65,16,0,0
BRDA:65,16,1,0
BRDA:70,17,0,0
BRDA:70,17,1,0
BRDA:73,18,0,0
BRDA:73,18,1,0
BRDA:78,19,0,0
BRDA:78,19,1,0
BRDA:79,20,0,0
BRDA:79,20,1,0
BRDA:80,21,0,0
BRDA:80,21,1,0
BRDA:81,22,0,0
BRDA:81,22,1,0
BRDA:91,23,0,0
BRDA:91,23,1,0
BRDA:102,24,0,0
BRDA:102,24,1,0
BRDA:113,25,0,0
BRDA:113,25,1,0
BRDA:129,26,0,0
BRDA:141,27,0,0
BRDA:142,28,0,0
BRDA:143,29,0,0
BRDA:155,30,0,0
BRDA:156,31,0,0
BRDA:166,32,0,0
BRF:59
BRH:0
end_of_record
TN:
SF:src/utils/constants.js
FNF:0
FNH:0
DA:3,0
DA:9,0
DA:21,0
DA:30,0
DA:40,0
DA:47,0
DA:55,0
DA:61,0
DA:74,0
DA:86,0
DA:94,0
DA:101,0
DA:109,0
DA:117,0
LF:14
LH:0
BRF:0
BRH:0
end_of_record
TN:
SF:src/utils/customClaimsHelper.js
FN:12,(anonymous_0)
FN:36,(anonymous_1)
FN:71,(anonymous_2)
FN:98,(anonymous_3)
FN:122,(anonymous_4)
FN:140,(anonymous_5)
FN:166,(anonymous_6)
FNF:7
FNH:0
FNDA:0,(anonymous_0)
FNDA:0,(anonymous_1)
FNDA:0,(anonymous_2)
FNDA:0,(anonymous_3)
FNDA:0,(anonymous_4)
FNDA:0,(anonymous_5)
FNDA:0,(anonymous_6)
DA:12,0
DA:13,0
DA:14,0
DA:16,0
DA:17,0
DA:18,0
DA:19,0
DA:23,0
DA:24,0
DA:26,0
DA:28,0
DA:29,0
DA:36,0
DA:37,0
DA:38,0
DA:40,0
DA:41,0
DA:42,0
DA:43,0
DA:47,0
DA:48,0
DA:50,0
DA:57,0
DA:63,0
DA:64,0
DA:71,0
DA:72,0
DA:73,0
DA:75,0
DA:76,0
DA:79,0
DA:81,0
DA:87,0
DA:89,0
DA:90,0
DA:98,0
DA:99,0
DA:105,0
DA:106,0
DA:107,0
DA:110,0
DA:113,0
DA:115,0
DA:116,0
DA:117,0
DA:120,0
DA:121,0
DA:122,0
DA:125,0
DA:127,0
DA:128,0
DA:133,0
DA:134,0
DA:140,0
DA:141,0
DA:142,0
DA:143,0
DA:144,0
DA:147,0
DA:148,0
DA:150,0
DA:156,0
DA:158,0
DA:159,0
DA:166,0
DA:167,0
DA:168,0
DA:169,0
DA:170,0
DA:171,0
DA:174,0
DA:176,0
DA:188,0
LF:73
LH:0
BRDA:17,0,0,0
BRDA:17,0,1,0
BRDA:41,1,0,0
BRDA:41,1,1,0
BRDA:58,2,0,0
BRDA:58,2,1,0
BRDA:59,3,0,0
BRDA:59,3,1,0
BRDA:75,4,0,0
BRDA:75,4,1,0
BRDA:79,5,0,0
BRDA:79,5,1,0
BRDA:98,6,0,0
BRDA:98,7,0,0
BRDA:115,8,0,0
BRDA:115,8,1,0
BRDA:115,9,0,0
BRDA:115,9,1,0
BRDA:120,10,0,0
BRDA:120,10,1,0
BRDA:127,11,0,0
BRDA:127,11,1,0
BRDA:143,12,0,0
BRDA:143,12,1,0
BRDA:169,13,0,0
BRDA:169,13,1,0
BRF:26
BRH:0
end_of_record
TN:
SF:src/utils/emailValidation.js
FN:6,(anonymous_0)
FN:11,(anonymous_1)
FN:23,(anonymous_2)
FN:35,(anonymous_3)
FN:40,(anonymous_4)
FNF:5
FNH:0
FNDA:0,(anonymous_0)
FNDA:0,(anonymous_1)
FNDA:0,(anonymous_2)
FNDA:0,(anonymous_3)
FNDA:0,(anonymous_4)
DA:6,0
DA:7,0
DA:8,0
DA:11,0
DA:12,0
DA:13,0
DA:16,0
DA:17,0
DA:20,0
DA:23,0
DA:24,0
DA:25,0
DA:28,0
DA:29,0
DA:32,0
DA:35,0
DA:36,0
DA:37,0
DA:40,0
DA:41,0
DA:53,0
LF:21
LH:0
BRDA:12,0,0,0
BRDA:12,0,1,0
BRDA:12,1,0,0
BRDA:12,1,1,0
BRDA:16,2,0,0
BRDA:16,2,1,0
BRDA:23,3,0,0
BRDA:24,4,0,0
BRDA:24,4,1,0
BRDA:24,5,0,0
BRDA:24,5,1,0
BRDA:28,6,0,0
BRDA:28,6,1,0
BRDA:36,7,0,0
BRDA:36,7,1,0
BRDA:53,8,0,0
BRDA:53,8,1,0
BRF:17
BRH:0
end_of_record
TN:
SF:src/utils/fixUsers.js
FN:21,fixUsersInFirestore
FN:31,(anonymous_1)
FN:131,listAllUsers
FN:140,(anonymous_3)
FNF:4
FNH:0
FNDA:0,fixUsersInFirestore
FNDA:0,(anonymous_1)
FNDA:0,listAllUsers
FNDA:0,(anonymous_3)
DA:13,0
DA:19,0
DA:22,0
DA:24,0
DA:26,0
DA:27,0
DA:28,0
DA:30,0
DA:31,0
DA:32,0
DA:33,0
DA:36,0
DA:37,0
DA:42,0
DA:43,0
DA:44,0
DA:45,0
DA:56,0
DA:60,0
DA:61,0
DA:64,0
DA:65,0
DA:66,0
DA:68,0
DA:69,0
DA:70,0
DA:73,0
DA:74,0
DA:76,0
DA:85,0
DA:86,0
DA:88,0
DA:89,0
DA:90,0
DA:91,0
DA:94,0
DA:95,0
DA:96,0
DA:97,0
DA:101,0
DA:102,0
DA:107,0
DA:108,0
DA:109,0
DA:112,0
DA:113,0
DA:114,0
DA:115,0
DA:117,0
DA:121,0
DA:122,0
DA:125,0
DA:126,0
DA:132,0
DA:134,0
DA:135,0
DA:136,0
DA:138,0
DA:140,0
DA:141,0
DA:142,0
DA:143,0
DA:144,0
DA:145,0
DA:146,0
DA:147,0
DA:151,0
LF:67
LH:0
BRDA:32,0,0,0
BRDA:32,0,1,0
BRDA:33,1,0,0
BRDA:33,1,1,0
BRDA:33,2,0,0
BRDA:33,2,1,0
BRDA:33,2,2,0
BRDA:42,3,0,0
BRDA:42,3,1,0
BRDA:68,4,0,0
BRDA:68,4,1,0
BRDA:88,5,0,0
BRDA:88,5,1,0
BRDA:94,6,0,0
BRDA:94,6,1,0
BRDA:101,7,0,0
BRDA:101,7,1,0
BRDA:101,8,0,0
BRDA:101,8,1,0
BRDA:107,9,0,0
BRDA:107,9,1,0
BRDA:112,10,0,0
BRDA:112,10,1,0
BRF:23
BRH:0
end_of_record
TN:
SF:src/utils/i18n.js
FN:29,(anonymous_0)
FN:50,(anonymous_1)
FN:71,(anonymous_2)
FN:90,(anonymous_3)
FN:109,(anonymous_4)
FN:123,(anonymous_5)
FN:141,(anonymous_6)
FN:175,(anonymous_7)
FN:193,(anonymous_8)
FN:198,(anonymous_9)
FN:199,(anonymous_10)
FN:200,(anonymous_11)
FN:201,(anonymous_12)
FN:202,(anonymous_13)
FN:203,(anonymous_14)
FN:204,(anonymous_15)
FN:205,(anonymous_16)
FNF:17
FNH:0
FNDA:0,(anonymous_0)
FNDA:0,(anonymous_1)
FNDA:0,(anonymous_2)
FNDA:0,(anonymous_3)
FNDA:0,(anonymous_4)
FNDA:0,(anonymous_5)
FNDA:0,(anonymous_6)
FNDA:0,(anonymous_7)
FNDA:0,(anonymous_8)
FNDA:0,(anonymous_9)
FNDA:0,(anonymous_10)
FNDA:0,(anonymous_11)
FNDA:0,(anonymous_12)
FNDA:0,(anonymous_13)
FNDA:0,(anonymous_14)
FNDA:0,(anonymous_15)
FNDA:0,(anonymous_16)
DA:7,0
DA:16,0
DA:29,0
DA:30,0
DA:32,0
DA:33,0
DA:35,0
DA:41,0
DA:50,0
DA:51,0
DA:53,0
DA:54,0
DA:56,0
DA:71,0
DA:72,0
DA:74,0
DA:75,0
DA:77,0
DA:90,0
DA:91,0
DA:93,0
DA:94,0
DA:96,0
DA:109,0
DA:110,0
DA:112,0
DA:114,0
DA:123,0
DA:124,0
DA:126,0
DA:128,0
DA:141,0
DA:142,0
DA:144,0
DA:145,0
DA:146,0
DA:148,0
DA:150,0
DA:151,0
DA:152,0
DA:153,0
DA:155,0
DA:156,0
DA:157,0
DA:160,0
DA:163,0
DA:167,0
DA:175,0
DA:176,0
DA:177,0
DA:179,0
DA:193,0
DA:195,0
DA:197,0
DA:198,0
DA:199,0
DA:200,0
DA:201,0
DA:202,0
DA:203,0
DA:204,0
DA:205,0
LF:62
LH:0
BRDA:29,0,0,0
BRDA:29,1,0,0
BRDA:30,2,0,0
BRDA:30,2,1,0
BRDA:32,3,0,0
BRDA:32,3,1,0
BRDA:33,4,0,0
BRDA:33,4,1,0
BRDA:50,5,0,0
BRDA:51,6,0,0
BRDA:51,6,1,0
BRDA:53,7,0,0
BRDA:53,7,1,0
BRDA:54,8,0,0
BRDA:54,8,1,0
BRDA:71,9,0,0
BRDA:72,10,0,0
BRDA:72,10,1,0
BRDA:74,11,0,0
BRDA:74,11,1,0
BRDA:75,12,0,0
BRDA:75,12,1,0
BRDA:90,13,0,0
BRDA:90,14,0,0
BRDA:91,15,0,0
BRDA:91,15,1,0
BRDA:91,16,0,0
BRDA:91,16,1,0
BRDA:91,16,2,0
BRDA:93,17,0,0
BRDA:93,17,1,0
BRDA:94,18,0,0
BRDA:94,18,1,0
BRDA:94,18,2,0
BRDA:109,19,0,0
BRDA:109,20,0,0
BRDA:110,21,0,0
BRDA:110,21,1,0
BRDA:110,22,0,0
BRDA:110,22,1,0
BRDA:110,22,2,0
BRDA:112,23,0,0
BRDA:112,23,1,0
BRDA:123,24,0,0
BRDA:124,25,0,0
BRDA:124,25,1,0
BRDA:124,26,0,0
BRDA:124,26,1,0
BRDA:124,26,2,0
BRDA:126,27,0,0
BRDA:126,27,1,0
BRDA:141,28,0,0
BRDA:142,29,0,0
BRDA:142,29,1,0
BRDA:144,30,0,0
BRDA:144,30,1,0
BRDA:145,31,0,0
BRDA:145,31,1,0
BRDA:150,32,0,0
BRDA:150,32,1,0
BRDA:155,33,0,0
BRDA:155,33,1,0
BRDA:175,34,0,0
BRDA:176,35,0,0
BRDA:176,35,1,0
BRDA:177,36,0,0
BRDA:177,36,1,0
BRDA:183,37,0,0
BRDA:183,37,1,0
BRDA:184,38,0,0
BRDA:184,38,1,0
BRDA:185,39,0,0
BRDA:185,39,1,0
BRDA:195,40,0,0
BRDA:195,40,1,0
BRF:75
BRH:0
end_of_record
TN:
SF:src/utils/performanceMonitor.js
FN:4,(anonymous_0)
FN:11,(anonymous_1)
FN:23,(anonymous_2)
FN:63,(anonymous_3)
FN:72,(anonymous_4)
FN:74,(anonymous_5)
FN:75,(anonymous_6)
FN:80,(anonymous_7)
FN:84,(anonymous_8)
FN:88,(anonymous_9)
FN:102,(anonymous_10)
FN:116,(anonymous_11)
FN:134,(anonymous_12)
FN:135,(anonymous_13)
FN:138,(anonymous_14)
FN:140,(anonymous_15)
FN:148,(anonymous_16)
FN:150,(anonymous_17)
FN:151,(anonymous_18)
FN:152,(anonymous_19)
FN:153,(anonymous_20)
FN:154,(anonymous_21)
FN:155,(anonymous_22)
FNF:23
FNH:0
FNDA:0,(anonymous_0)
FNDA:0,(anonymous_1)
FNDA:0,(anonymous_2)
FNDA:0,(anonymous_3)
FNDA:0,(anonymous_4)
FNDA:0,(anonymous_5)
FNDA:0,(anonymous_6)
FNDA:0,(anonymous_7)
FNDA:0,(anonymous_8)
FNDA:0,(anonymous_9)
FNDA:0,(anonymous_10)
FNDA:0,(anonymous_11)
FNDA:0,(anonymous_12)
FNDA:0,(anonymous_13)
FNDA:0,(anonymous_14)
FNDA:0,(anonymous_15)
FNDA:0,(anonymous_16)
FNDA:0,(anonymous_17)
FNDA:0,(anonymous_18)
FNDA:0,(anonymous_19)
FNDA:0,(anonymous_20)
FNDA:0,(anonymous_21)
FNDA:0,(anonymous_22)
DA:5,0
DA:6,0
DA:7,0
DA:12,0
DA:14,0
DA:19,0
DA:24,0
DA:26,0
DA:27,0
DA:28,0
DA:29,0
DA:32,0
DA:33,0
DA:34,0
DA:35,0
DA:37,0
DA:46,0
DA:47,0
DA:48,0
DA:51,0
DA:52,0
DA:54,0
DA:55,0
DA:58,0
DA:59,0
DA:64,0
DA:65,0
DA:68,0
DA:73,0
DA:74,0
DA:75,0
DA:81,0
DA:82,0
DA:84,0
DA:89,0
DA:90,0
DA:91,0
DA:92,0
DA:93,0
DA:95,0
DA:96,0
DA:97,0
DA:103,0
DA:104,0
DA:106,0
DA:117,0
DA:118,0
DA:119,0
DA:120,0
DA:121,0
DA:122,0
DA:123,0
DA:124,0
DA:125,0
DA:131,0
DA:134,0
DA:135,0
DA:136,0
DA:138,0
DA:139,0
DA:140,0
DA:143,0
DA:148,0
DA:149,0
DA:150,0
DA:151,0
DA:152,0
DA:153,0
DA:154,0
DA:155,0
LF:70
LH:0
BRDA:6,0,0,0
BRDA:6,0,1,0
BRDA:6,0,2,0
BRDA:6,0,3,0
BRDA:12,1,0,0
BRDA:12,1,1,0
BRDA:24,2,0,0
BRDA:24,2,1,0
BRDA:27,3,0,0
BRDA:27,3,1,0
BRDA:48,4,0,0
BRDA:48,4,1,0
BRDA:51,5,0,0
BRDA:51,5,1,0
BRDA:54,6,0,0
BRDA:54,6,1,0
BRDA:64,7,0,0
BRDA:64,7,1,0
BRDA:64,8,0,0
BRDA:64,8,1,0
BRDA:124,9,0,0
BRDA:124,9,1,0
BRDA:136,10,0,0
BRDA:136,10,1,0
BRF:24
BRH:0
end_of_record
TN:
SF:src/utils/platform.js
FN:12,(anonymous_0)
FN:18,(anonymous_1)
FN:24,(anonymous_2)
FN:30,(anonymous_3)
FN:36,(anonymous_4)
FN:67,(anonymous_5)
FN:74,(anonymous_6)
FN:79,(anonymous_7)
FNF:8
FNH:0
FNDA:0,(anonymous_0)
FNDA:0,(anonymous_1)
FNDA:0,(anonymous_2)
FNDA:0,(anonymous_3)
FNDA:0,(anonymous_4)
FNDA:0,(anonymous_5)
FNDA:0,(anonymous_6)
FNDA:0,(anonymous_7)
DA:5,0
DA:6,0
DA:7,0
DA:10,0
DA:13,0
DA:14,0
DA:19,0
DA:20,0
DA:25,0
DA:26,0
DA:31,0
DA:32,0
DA:37,0
DA:38,0
DA:39,0
DA:40,0
DA:45,0
DA:67,0
DA:68,0
DA:72,0
DA:75,0
DA:80,0
LF:22
LH:0
BRDA:26,0,0,0
BRDA:26,0,1,0
BRDA:38,1,0,0
BRDA:38,1,1,0
BRDA:39,2,0,0
BRDA:39,2,1,0
BRDA:68,3,0,0
BRDA:68,3,1,0
BRDA:75,4,0,0
BRDA:75,4,1,0
BRDA:83,5,0,0
BRDA:83,5,1,0
BRDA:84,6,0,0
BRDA:84,6,1,0
BRF:14
BRH:0
end_of_record
TN:
SF:src/utils/theme.js
FN:140,(anonymous_0)
FNF:1
FNH:0
FNDA:0,(anonymous_0)
DA:5,0
DA:105,0
DA:122,0
DA:140,0
DA:141,0
DA:142,0
DA:144,0
DA:146,0
DA:171,0
LF:9
LH:0
BRDA:140,0,0,0
BRDA:141,1,0,0
BRDA:141,1,1,0
BRDA:142,2,0,0
BRDA:142,2,1,0
BRDA:144,3,0,0
BRDA:144,3,1,0
BRF:7
BRH:0
end_of_record
TN:
SF:src/utils/userTypeHelpers.js
FN:20,(anonymous_0)
FN:30,(anonymous_1)
FN:44,(anonymous_2)
FN:58,(anonymous_3)
FN:72,(anonymous_4)
FN:85,(anonymous_5)
FNF:6
FNH:0
FNDA:0,(anonymous_0)
FNDA:0,(anonymous_1)
FNDA:0,(anonymous_2)
FNDA:0,(anonymous_3)
FNDA:0,(anonymous_4)
FNDA:0,(anonymous_5)
DA:6,0
DA:20,0
DA:21,0
DA:22,0
DA:30,0
DA:31,0
DA:33,0
DA:34,0
DA:36,0
DA:44,0
DA:45,0
DA:47,0
DA:48,0
DA:50,0
DA:58,0
DA:59,0
DA:61,0
DA:62,0
DA:64,0
DA:72,0
DA:73,0
DA:75,0
DA:76,0
DA:85,0
DA:86,0
DA:88,0
DA:91,0
DA:92,0
DA:96,0
DA:97,0
DA:100,0
LF:31
LH:0
BRDA:21,0,0,0
BRDA:21,0,1,0
BRDA:22,1,0,0
BRDA:22,1,1,0
BRDA:31,2,0,0
BRDA:31,2,1,0
BRDA:33,3,0,0
BRDA:33,3,1,0
BRDA:34,4,0,0
BRDA:34,4,1,0
BRDA:45,5,0,0
BRDA:45,5,1,0
BRDA:47,6,0,0
BRDA:47,6,1,0
BRDA:48,7,0,0
BRDA:48,7,1,0
BRDA:59,8,0,0
BRDA:59,8,1,0
BRDA:61,9,0,0
BRDA:61,9,1,0
BRDA:62,10,0,0
BRDA:62,10,1,0
BRDA:73,11,0,0
BRDA:73,11,1,0
BRDA:75,12,0,0
BRDA:75,12,1,0
BRDA:75,12,2,0
BRDA:86,13,0,0
BRDA:86,13,1,0
BRDA:91,14,0,0
BRDA:91,14,1,0
BRDA:91,15,0,0
BRDA:91,15,1,0
BRDA:96,16,0,0
BRDA:96,16,1,0
BRDA:96,17,0,0
BRDA:96,17,1,0
BRF:37
BRH:0
end_of_record
TN:
SF:src/utils/validation.js
FN:6,(anonymous_0)
FN:14,(anonymous_1)
FN:21,(anonymous_2)
FN:28,(anonymous_3)
FN:35,(anonymous_4)
FN:43,(anonymous_5)
FN:75,(anonymous_6)
FN:90,(anonymous_7)
FN:98,(anonymous_8)
FN:106,(anonymous_9)
FN:113,(anonymous_10)
FN:119,(anonymous_11)
FN:128,(anonymous_12)
FN:137,(anonymous_13)
FN:143,(anonymous_14)
FN:153,(anonymous_15)
FN:159,(anonymous_16)
FN:164,(anonymous_17)
FN:167,(anonymous_18)
FN:176,(anonymous_19)
FN:180,(anonymous_20)
FN:189,(anonymous_21)
FN:197,(anonymous_22)
FN:198,(anonymous_23)
FN:208,(anonymous_24)
FN:209,(anonymous_25)
FN:216,(anonymous_26)
FN:237,(anonymous_27)
FN:248,(anonymous_28)
FN:258,(anonymous_29)
FN:264,(anonymous_30)
FNF:31
FNH:0
FNDA:0,(anonymous_0)
FNDA:0,(anonymous_1)
FNDA:0,(anonymous_2)
FNDA:0,(anonymous_3)
FNDA:0,(anonymous_4)
FNDA:0,(anonymous_5)
FNDA:0,(anonymous_6)
FNDA:0,(anonymous_7)
FNDA:0,(anonymous_8)
FNDA:0,(anonymous_9)
FNDA:0,(anonymous_10)
FNDA:0,(anonymous_11)
FNDA:0,(anonymous_12)
FNDA:0,(anonymous_13)
FNDA:0,(anonymous_14)
FNDA:0,(anonymous_15)
FNDA:0,(anonymous_16)
FNDA:0,(anonymous_17)
FNDA:0,(anonymous_18)
FNDA:0,(anonymous_19)
FNDA:0,(anonymous_20)
FNDA:0,(anonymous_21)
FNDA:0,(anonymous_22)
FNDA:0,(anonymous_23)
FNDA:0,(anonymous_24)
FNDA:0,(anonymous_25)
FNDA:0,(anonymous_26)
FNDA:0,(anonymous_27)
FNDA:0,(anonymous_28)
FNDA:0,(anonymous_29)
FNDA:0,(anonymous_30)
DA:4,0
DA:7,0
DA:8,0
DA:9,0
DA:10,0
DA:15,0
DA:16,0
DA:17,0
DA:22,0
DA:23,0
DA:24,0
DA:29,0
DA:30,0
DA:31,0
DA:36,0
DA:37,0
DA:38,0
DA:39,0
DA:44,0
DA:47,0
DA:49,0
DA:52,0
DA:55,0
DA:56,0
DA:57,0
DA:59,0
DA:60,0
DA:61,0
DA:63,0
DA:64,0
DA:65,0
DA:67,0
DA:68,0
DA:69,0
DA:71,0
DA:76,0
DA:78,0
DA:79,0
DA:80,0
DA:82,0
DA:83,0
DA:84,0
DA:86,0
DA:91,0
DA:92,0
DA:93,0
DA:94,0
DA:99,0
DA:100,0
DA:101,0
DA:102,0
DA:107,0
DA:108,0
DA:109,0
DA:114,0
DA:115,0
DA:120,0
DA:121,0
DA:126,0
DA:129,0
DA:130,0
DA:131,0
DA:133,0
DA:138,0
DA:139,0
DA:144,0
DA:145,0
DA:146,0
DA:154,0
DA:159,0
DA:160,0
DA:161,0
DA:162,0
DA:164,0
DA:165,0
DA:166,0
DA:167,0
DA:171,0
DA:173,0
DA:176,0
DA:177,0
DA:178,0
DA:180,0
DA:181,0
DA:182,0
DA:183,0
DA:184,0
DA:188,0
DA:189,0
DA:190,0
DA:191,0
DA:194,0
DA:197,0
DA:198,0
DA:203,0
DA:204,0
DA:208,0
DA:209,0
DA:213,0
DA:216,0
DA:217,0
DA:218,0
DA:219,0
DA:222,0
DA:235,0
DA:238,0
DA:242,0
DA:243,0
DA:244,0
DA:249,0
DA:252,0
DA:253,0
DA:254,0
DA:259,0
DA:260,0
DA:265,0
DA:266,0
DA:267,0
DA:268,0
DA:269,0
LF:120
LH:0
BRDA:8,0,0,0
BRDA:8,0,1,0
BRDA:9,1,0,0
BRDA:9,1,1,0
BRDA:14,2,0,0
BRDA:15,3,0,0
BRDA:15,3,1,0
BRDA:16,4,0,0
BRDA:16,4,1,0
BRDA:22,5,0,0
BRDA:22,5,1,0
BRDA:23,6,0,0
BRDA:23,6,1,0
BRDA:29,7,0,0
BRDA:29,7,1,0
BRDA:29,8,0,0
BRDA:29,8,1,0
BRDA:30,9,0,0
BRDA:30,9,1,0
BRDA:36,10,0,0
BRDA:36,10,1,0
BRDA:38,11,0,0
BRDA:38,11,1,0
BRDA:44,12,0,0
BRDA:44,12,1,0
BRDA:49,13,0,0
BRDA:49,13,1,0
BRDA:52,14,0,0
BRDA:52,14,1,0
BRDA:60,15,0,0
BRDA:60,15,1,0
BRDA:60,16,0,0
BRDA:60,16,1,0
BRDA:61,17,0,0
BRDA:61,17,1,0
BRDA:68,18,0,0
BRDA:68,18,1,0
BRDA:68,19,0,0
BRDA:68,19,1,0
BRDA:69,20,0,0
BRDA:69,20,1,0
BRDA:76,21,0,0
BRDA:76,21,1,0
BRDA:82,22,0,0
BRDA:82,22,1,0
BRDA:83,23,0,0
BRDA:83,23,1,0
BRDA:84,24,0,0
BRDA:84,24,1,0
BRDA:91,25,0,0
BRDA:91,25,1,0
BRDA:93,26,0,0
BRDA:93,26,1,0
BRDA:93,27,0,0
BRDA:93,27,1,0
BRDA:98,28,0,0
BRDA:99,29,0,0
BRDA:99,29,1,0
BRDA:99,30,0,0
BRDA:99,30,1,0
BRDA:100,31,0,0
BRDA:100,31,1,0
BRDA:100,32,0,0
BRDA:100,32,1,0
BRDA:101,33,0,0
BRDA:101,33,1,0
BRDA:101,34,0,0
BRDA:101,34,1,0
BRDA:107,35,0,0
BRDA:107,35,1,0
BRDA:107,36,0,0
BRDA:107,36,1,0
BRDA:108,37,0,0
BRDA:108,37,1,0
BRDA:108,38,0,0
BRDA:108,38,1,0
BRDA:113,39,0,0
BRDA:114,40,0,0
BRDA:114,40,1,0
BRDA:114,41,0,0
BRDA:114,41,1,0
BRDA:119,42,0,0
BRDA:120,43,0,0
BRDA:120,43,1,0
BRDA:120,44,0,0
BRDA:120,44,1,0
BRDA:130,45,0,0
BRDA:130,45,1,0
BRDA:165,46,0,0
BRDA:165,46,1,0
BRDA:182,47,0,0
BRDA:182,47,1,0
BRDA:203,48,0,0
BRDA:203,48,1,0
BRDA:242,49,0,0
BRDA:242,49,1,0
BRDA:243,50,0,0
BRDA:243,50,1,0
BRDA:252,51,0,0
BRDA:252,51,1,0
BRDA:253,52,0,0
BRDA:253,52,1,0
BRDA:259,53,0,0
BRDA:259,53,1,0
BRDA:266,54,0,0
BRDA:266,54,1,0
BRDA:267,55,0,0
BRDA:267,55,1,0
BRDA:267,56,0,0
BRDA:267,56,1,0
BRDA:268,57,0,0
BRDA:268,57,1,0
BRF:112
BRH:0
end_of_record
